top - 10:41:47 up  1:50,  2 users,  load average: 0.20, 0.76, 0.86
Tasks: 105 total,   5 running, 100 sleeping,   0 stopped,   0 zombie
%Cpu(s):100.0 us,  0.0 sy,  0.0 ni,  0.0 id,  0.0 wa,  0.0 hi,  0.0 si,  0.0 st
MiB Mem :    474.8 total,    249.8 free,    126.6 used,     98.4 buff/cache
MiB Swap:    820.0 total,    741.9 free,     78.1 used.    334.7 avail Mem 

    PID USER      PR  NI    VIRT    RES    SHR S  %CPU  %MEM     TIME+ COMMAND
   3462 root      20   0  238328  19112   3004 R  57.9   3.9   0:01.58 mem.bash
   3463 root      20   0  237272  17972   2928 R  36.8   3.7   0:01.52 mem2.bash
      1 root      20   0  179196   3860   1908 S   0.0   0.8   0:02.20 systemd
      2 root      20   0       0      0      0 S   0.0   0.0   0:00.00 kthreadd
      3 root       0 -20       0      0      0 I   0.0   0.0   0:00.00 rcu_gp
      4 root       0 -20       0      0      0 I   0.0   0.0   0:00.00 rcu_par_gp
------------------------------------------------------------------------------
top - 10:41:52 up  1:50,  2 users,  load average: 0.35, 0.78, 0.86
Tasks: 105 total,   5 running, 100 sleeping,   0 stopped,   0 zombie
%Cpu(s):100.0 us,  0.0 sy,  0.0 ni,  0.0 id,  0.0 wa,  0.0 hi,  0.0 si,  0.0 st
MiB Mem :    474.8 total,    207.7 free,    168.7 used,     98.4 buff/cache
MiB Swap:    820.0 total,    741.9 free,     78.1 used.    292.7 avail Mem 

    PID USER      PR  NI    VIRT    RES    SHR S  %CPU  %MEM     TIME+ COMMAND
   3462 root      20   0  260372  41024   3004 R  62.5   8.4   0:03.68 mem.bash
   3463 root      20   0  258260  38828   2928 R  43.8   8.0   0:03.63 mem2.bash
      1 root      20   0  179196   3860   1908 S   0.0   0.8   0:02.20 systemd
      2 root      20   0       0      0      0 S   0.0   0.0   0:00.00 kthreadd
      3 root       0 -20       0      0      0 I   0.0   0.0   0:00.00 rcu_gp
      4 root       0 -20       0      0      0 I   0.0   0.0   0:00.00 rcu_par_gp
------------------------------------------------------------------------------
top - 10:41:56 up  1:51,  2 users,  load average: 0.48, 0.80, 0.87
Tasks: 106 total,   6 running, 100 sleeping,   0 stopped,   0 zombie
%Cpu(s): 66.7 us,  0.0 sy,  0.0 ni,  0.0 id,  0.0 wa, 33.3 hi,  0.0 si,  0.0 st
MiB Mem :    474.8 total,    166.4 free,    210.0 used,     98.4 buff/cache
MiB Swap:    820.0 total,    741.9 free,     78.1 used.    251.4 avail Mem 

    PID USER      PR  NI    VIRT    RES    SHR S  %CPU  %MEM     TIME+ COMMAND
   3463 root      20   0  281096  61796   2928 R  62.5  12.7   0:05.78 mem2.bash
   3462 root      20   0  278588  59240   3004 R  37.5  12.2   0:05.73 mem.bash
      1 root      20   0  179196   3860   1908 S   0.0   0.8   0:02.20 systemd
      2 root      20   0       0      0      0 S   0.0   0.0   0:00.00 kthreadd
      3 root       0 -20       0      0      0 I   0.0   0.0   0:00.00 rcu_gp
      4 root       0 -20       0      0      0 I   0.0   0.0   0:00.00 rcu_par_gp
------------------------------------------------------------------------------
top - 10:42:00 up  1:51,  2 users,  load average: 0.68, 0.84, 0.88
Tasks: 106 total,   4 running, 102 sleeping,   0 stopped,   0 zombie
%Cpu(s):100.0 us,  0.0 sy,  0.0 ni,  0.0 id,  0.0 wa,  0.0 hi,  0.0 si,  0.0 st
MiB Mem :    474.8 total,    126.2 free,    250.2 used,     98.4 buff/cache
MiB Swap:    820.0 total,    741.9 free,     78.1 used.    211.2 avail Mem 

    PID USER      PR  NI    VIRT    RES    SHR S  %CPU  %MEM     TIME+ COMMAND
   3463 root      20   0  300764  81332   2928 R  64.7  16.7   0:07.90 mem2.bash
   3462 root      20   0  300104  80624   3004 R  29.4  16.6   0:07.83 mem.bash
      1 root      20   0  179196   3860   1908 S   0.0   0.8   0:02.20 systemd
      2 root      20   0       0      0      0 S   0.0   0.0   0:00.00 kthreadd
      3 root       0 -20       0      0      0 I   0.0   0.0   0:00.00 rcu_gp
      4 root       0 -20       0      0      0 I   0.0   0.0   0:00.00 rcu_par_gp
top - 10:42:01 up  1:51,  2 users,  load average: 0.68, 0.84, 0.88
Tasks: 109 total,   5 running, 104 sleeping,   0 stopped,   0 zombie
%Cpu(s):100.0 us,  0.0 sy,  0.0 ni,  0.0 id,  0.0 wa,  0.0 hi,  0.0 si,  0.0 st
MiB Mem :    474.8 total,    114.0 free,    262.3 used,     98.5 buff/cache
MiB Swap:    820.0 total,    741.9 free,     78.1 used.    199.0 avail Mem 

    PID USER      PR  NI    VIRT    RES    SHR S  %CPU  %MEM     TIME+ COMMAND
   3462 root      20   0  305648  86168   3004 R  57.1  17.7   0:08.45 mem.bash
   3463 root      20   0  305120  85556   2928 R  17.9  17.6   0:08.38 mem2.ba+
      1 root      20   0  179196   3860   1908 S   0.0   0.8   0:02.20 systemd
      2 root      20   0       0      0      0 S   0.0   0.0   0:00.00 kthreadd
      3 root       0 -20       0      0      0 I   0.0   0.0   0:00.00 rcu_gp
      4 root       0 -20       0      0      0 I   0.0   0.0   0:00.00 rcu_par+
------------------------------------------------------------------------------
------------------------------------------------------------------------------
top - 10:42:04 up  1:51,  2 users,  load average: 0.68, 0.84, 0.88
Tasks: 106 total,   4 running, 102 sleeping,   0 stopped,   0 zombie
%Cpu(s): 75.0 us,  0.0 sy,  0.0 ni,  0.0 id,  0.0 wa, 25.0 hi,  0.0 si,  0.0 st
MiB Mem :    474.8 total,     90.2 free,    286.2 used,     98.4 buff/cache
MiB Swap:    820.0 total,    741.9 free,     78.1 used.    175.1 avail Mem 

    PID USER      PR  NI    VIRT    RES    SHR S  %CPU  %MEM     TIME+ COMMAND
   3463 root      20   0  320564 101132   2928 R  52.9  20.8   0:09.97 mem2.bash
   3462 root      20   0  317000  97520   3004 R  29.4  20.1   0:09.92 mem.bash
      1 root      20   0  179196   3860   1908 S   0.0   0.8   0:02.20 systemd
      2 root      20   0       0      0      0 S   0.0   0.0   0:00.00 kthreadd
      3 root       0 -20       0      0      0 I   0.0   0.0   0:00.00 rcu_gp
      4 root       0 -20       0      0      0 I   0.0   0.0   0:00.00 rcu_par_gp
------------------------------------------------------------------------------
top - 10:42:09 up  1:51,  2 users,  load average: 0.87, 0.87, 0.89
Tasks: 106 total,   5 running, 101 sleeping,   0 stopped,   0 zombie
%Cpu(s):100.0 us,  0.0 sy,  0.0 ni,  0.0 id,  0.0 wa,  0.0 hi,  0.0 si,  0.0 st
MiB Mem :    474.8 total,     51.6 free,    324.8 used,     98.4 buff/cache
MiB Swap:    820.0 total,    741.9 free,     78.1 used.    136.5 avail Mem 

    PID USER      PR  NI    VIRT    RES    SHR S  %CPU  %MEM     TIME+ COMMAND
   3463 root      20   0  341552 121988   2928 R  64.7  25.1   0:12.08 mem2.bash
   3462 root      20   0  335612 116264   3004 R  23.5  23.9   0:12.02 mem.bash
      1 root      20   0  179196   3860   1908 S   0.0   0.8   0:02.20 systemd
      2 root      20   0       0      0      0 S   0.0   0.0   0:00.00 kthreadd
      3 root       0 -20       0      0      0 I   0.0   0.0   0:00.00 rcu_gp
      4 root       0 -20       0      0      0 I   0.0   0.0   0:00.00 rcu_par_gp
------------------------------------------------------------------------------
top - 10:42:13 up  1:51,  2 users,  load average: 0.96, 0.89, 0.90
Tasks: 105 total,   4 running, 101 sleeping,   0 stopped,   0 zombie
%Cpu(s):100.0 us,  0.0 sy,  0.0 ni,  0.0 id,  0.0 wa,  0.0 hi,  0.0 si,  0.0 st
MiB Mem :    474.8 total,     11.7 free,    364.7 used,     98.4 buff/cache
MiB Swap:    820.0 total,    741.9 free,     78.1 used.     96.7 avail Mem 

    PID USER      PR  NI    VIRT    RES    SHR S  %CPU  %MEM     TIME+ COMMAND
   3463 root      20   0  362408 142844   2928 R  68.8  29.4   0:14.18 mem2.bash
   3462 root      20   0  355412 136064   3004 R  31.2  28.0   0:14.13 mem.bash
      1 root      20   0  179196   3860   1908 S   0.0   0.8   0:02.20 systemd
      2 root      20   0       0      0      0 S   0.0   0.0   0:00.00 kthreadd
      3 root       0 -20       0      0      0 I   0.0   0.0   0:00.00 rcu_gp
      4 root       0 -20       0      0      0 I   0.0   0.0   0:00.00 rcu_par_gp
------------------------------------------------------------------------------
top - 10:42:18 up  1:51,  2 users,  load average: 1.20, 0.95, 0.92
Tasks: 105 total,   4 running, 101 sleeping,   0 stopped,   0 zombie
%Cpu(s): 80.0 us, 20.0 sy,  0.0 ni,  0.0 id,  0.0 wa,  0.0 hi,  0.0 si,  0.0 st
MiB Mem :    474.8 total,      5.3 free,    400.9 used,     68.6 buff/cache
MiB Swap:    820.0 total,    735.1 free,     84.9 used.     60.4 avail Mem 

    PID USER      PR  NI    VIRT    RES    SHR S  %CPU  %MEM     TIME+ COMMAND
   3462 root      20   0  379172 156896   3004 R  55.0  32.3   0:16.46 mem.bash
   3463 root      20   0  382208 158892   2928 R  40.0  32.7   0:16.44 mem2.bash
      1 root      20   0  179196   3860   1908 S   0.0   0.8   0:02.20 systemd
      2 root      20   0       0      0      0 S   0.0   0.0   0:00.00 kthreadd
      3 root       0 -20       0      0      0 I   0.0   0.0   0:00.00 rcu_gp
      4 root       0 -20       0      0      0 I   0.0   0.0   0:00.00 rcu_par_gp
------------------------------------------------------------------------------
top - 10:42:22 up  1:51,  2 users,  load average: 1.35, 0.98, 0.93
Tasks: 105 total,   5 running, 100 sleeping,   0 stopped,   0 zombie
%Cpu(s):100.0 us,  0.0 sy,  0.0 ni,  0.0 id,  0.0 wa,  0.0 hi,  0.0 si,  0.0 st
MiB Mem :    474.8 total,      5.0 free,    415.2 used,     54.6 buff/cache
MiB Swap:    820.0 total,    706.3 free,    113.7 used.     46.1 avail Mem 

    PID USER      PR  NI    VIRT    RES    SHR S  %CPU  %MEM     TIME+ COMMAND
   3462 root      20   0  398840 160576   3004 R  29.7  33.0   0:18.73 mem.bash
   3463 root      20   0  406496 169784   2928 R  24.3  34.9   0:18.71 mem2.bash
   3506 root      20   0  274140   4448   3876 R   2.7   0.9   0:00.05 top
      1 root      20   0  179196   3860   1908 S   0.0   0.8   0:02.20 systemd
      2 root      20   0       0      0      0 S   0.0   0.0   0:00.00 kthreadd
      3 root       0 -20       0      0      0 I   0.0   0.0   0:00.00 rcu_gp
------------------------------------------------------------------------------
top - 10:42:27 up  1:51,  2 users,  load average: 1.48, 1.01, 0.94
Tasks: 105 total,   7 running,  98 sleeping,   0 stopped,   0 zombie
%Cpu(s):100.0 us,  0.0 sy,  0.0 ni,  0.0 id,  0.0 wa,  0.0 hi,  0.0 si,  0.0 st
MiB Mem :    474.8 total,      4.9 free,    421.2 used,     48.7 buff/cache
MiB Swap:    820.0 total,    672.7 free,    147.3 used.     40.2 avail Mem 

    PID USER      PR  NI    VIRT    RES    SHR S  %CPU  %MEM     TIME+ COMMAND
   3462 root      20   0  421412 165968   2996 R  47.6  34.1   0:20.91 mem.bash
   3463 root      20   0  424316 170208   2916 R  47.6  35.0   0:20.88 mem2.bash
      1 root      20   0  179196   3860   1908 S   0.0   0.8   0:02.20 systemd
      2 root      20   0       0      0      0 S   0.0   0.0   0:00.00 kthreadd
      3 root       0 -20       0      0      0 I   0.0   0.0   0:00.00 rcu_gp
      4 root       0 -20       0      0      0 I   0.0   0.0   0:00.00 rcu_par_gp
------------------------------------------------------------------------------
top - 10:42:31 up  1:51,  2 users,  load average: 1.60, 1.05, 0.95
Tasks: 105 total,   4 running, 101 sleeping,   0 stopped,   0 zombie
%Cpu(s): 85.7 us, 14.3 sy,  0.0 ni,  0.0 id,  0.0 wa,  0.0 hi,  0.0 si,  0.0 st
MiB Mem :    474.8 total,      5.7 free,    424.6 used,     44.5 buff/cache
MiB Swap:    820.0 total,    632.5 free,    187.5 used.     36.7 avail Mem 

    PID USER      PR  NI    VIRT    RES    SHR S  %CPU  %MEM     TIME+ COMMAND
   3462 root      20   0  443324 169444   2948 R  26.3  34.9   0:23.18 mem.bash
   3463 root      20   0  446624 170192   2916 R  23.7  35.0   0:23.16 mem2.bash
      1 root      20   0  179196   3188   1236 S   0.0   0.7   0:02.20 systemd
      2 root      20   0       0      0      0 S   0.0   0.0   0:00.00 kthreadd
      3 root       0 -20       0      0      0 I   0.0   0.0   0:00.00 rcu_gp
      4 root       0 -20       0      0      0 I   0.0   0.0   0:00.00 rcu_par_gp
------------------------------------------------------------------------------
top - 10:42:36 up  1:51,  2 users,  load average: 1.63, 1.06, 0.95
Tasks: 105 total,   6 running,  99 sleeping,   0 stopped,   0 zombie
%Cpu(s):100.0 us,  0.0 sy,  0.0 ni,  0.0 id,  0.0 wa,  0.0 hi,  0.0 si,  0.0 st
MiB Mem :    474.8 total,      5.0 free,    427.2 used,     42.6 buff/cache
MiB Swap:    820.0 total,    595.2 free,    224.8 used.     34.2 avail Mem 

    PID USER      PR  NI    VIRT    RES    SHR S  %CPU  %MEM     TIME+ COMMAND
   3462 root      20   0  466160 172500   2924 R  66.7  35.5   0:25.33 mem.bash
   3463 root      20   0  464708 170016   2912 R  19.0  35.0   0:25.31 mem2.bash
      1 root      20   0  179196   2632    680 S   0.0   0.5   0:02.20 systemd
      2 root      20   0       0      0      0 S   0.0   0.0   0:00.00 kthreadd
      3 root       0 -20       0      0      0 I   0.0   0.0   0:00.00 rcu_gp
      4 root       0 -20       0      0      0 I   0.0   0.0   0:00.00 rcu_par_gp
------------------------------------------------------------------------------
top - 10:42:40 up  1:51,  2 users,  load average: 1.98, 1.14, 0.98
Tasks: 105 total,   5 running, 100 sleeping,   0 stopped,   0 zombie
%Cpu(s): 80.0 us,  0.0 sy,  0.0 ni,  0.0 id,  0.0 wa, 20.0 hi,  0.0 si,  0.0 st
MiB Mem :    474.8 total,      5.4 free,    426.6 used,     42.8 buff/cache
MiB Swap:    820.0 total,    555.7 free,    264.3 used.     34.7 avail Mem 

    PID USER      PR  NI    VIRT    RES    SHR S  %CPU  %MEM     TIME+ COMMAND
   3463 root      20   0  482000 166276   2888 R  52.9  34.2   0:27.46 mem2.bash
   3462 root      20   0  488336 175036   2888 R  35.3  36.0   0:27.39 mem.bash
      1 root      20   0  179196   2304    352 S   0.0   0.5   0:02.20 systemd
      2 root      20   0       0      0      0 S   0.0   0.0   0:00.00 kthreadd
      3 root       0 -20       0      0      0 I   0.0   0.0   0:00.00 rcu_gp
      4 root       0 -20       0      0      0 I   0.0   0.0   0:00.00 rcu_par_gp
------------------------------------------------------------------------------
top - 10:42:45 up  1:51,  2 users,  load average: 1.98, 1.14, 0.98
Tasks: 105 total,   3 running, 102 sleeping,   0 stopped,   0 zombie
%Cpu(s): 80.0 us, 20.0 sy,  0.0 ni,  0.0 id,  0.0 wa,  0.0 hi,  0.0 si,  0.0 st
MiB Mem :    474.8 total,      5.8 free,    428.9 used,     40.1 buff/cache
MiB Swap:    820.0 total,    516.1 free,    303.9 used.     32.4 avail Mem 

    PID USER      PR  NI    VIRT    RES    SHR S  %CPU  %MEM     TIME+ COMMAND
   3463 root      20   0  506288 168600   2888 R  46.2  34.7   0:29.58 mem2.bash
   3462 root      20   0  503912 172080   2880 R  23.1  35.4   0:29.51 mem.bash
     46 root      20   0       0      0      0 S   3.8   0.0   0:17.47 kswapd0
      1 root      20   0  179196   2064    112 S   0.0   0.4   0:02.20 systemd
      2 root      20   0       0      0      0 S   0.0   0.0   0:00.00 kthreadd
      3 root       0 -20       0      0      0 I   0.0   0.0   0:00.00 rcu_gp
------------------------------------------------------------------------------
top - 10:42:49 up  1:51,  2 users,  load average: 2.31, 1.23, 1.01
Tasks: 105 total,   5 running, 100 sleeping,   0 stopped,   0 zombie
%Cpu(s): 80.0 us, 20.0 sy,  0.0 ni,  0.0 id,  0.0 wa,  0.0 hi,  0.0 si,  0.0 st
MiB Mem :    474.8 total,      5.3 free,    427.3 used,     42.2 buff/cache
MiB Swap:    820.0 total,    479.5 free,    340.5 used.     34.0 avail Mem 

    PID USER      PR  NI    VIRT    RES    SHR S  %CPU  %MEM     TIME+ COMMAND
   3463 root      20   0  525956 169028   2880 R  75.0  34.8   0:31.79 mem2.bash
   3462 root      20   0  522920 172888   2868 R  20.0  35.6   0:31.70 mem.bash
     46 root      20   0       0      0      0 S   5.0   0.0   0:17.57 kswapd0
      1 root      20   0  179196   4192   2232 S   0.0   0.9   0:02.20 systemd
      2 root      20   0       0      0      0 S   0.0   0.0   0:00.00 kthreadd
      3 root       0 -20       0      0      0 I   0.0   0.0   0:00.00 rcu_gp
------------------------------------------------------------------------------
top - 10:42:54 up  1:52,  2 users,  load average: 2.60, 1.31, 1.04
Tasks: 105 total,   3 running, 102 sleeping,   0 stopped,   0 zombie
%Cpu(s): 83.3 us, 16.7 sy,  0.0 ni,  0.0 id,  0.0 wa,  0.0 hi,  0.0 si,  0.0 st
MiB Mem :    474.8 total,      5.4 free,    427.3 used,     42.1 buff/cache
MiB Swap:    820.0 total,    441.5 free,    378.5 used.     34.0 avail Mem 

    PID USER      PR  NI    VIRT    RES    SHR S  %CPU  %MEM     TIME+ COMMAND
   3463 root      20   0  545756 171256   2836 R  47.6  35.2   0:33.90 mem2.bash
   3462 root      20   0  541532 170224   2868 R  42.9  35.0   0:33.91 mem.bash
      1 root      20   0  179196   4152   2192 S   0.0   0.9   0:02.20 systemd
      2 root      20   0       0      0      0 S   0.0   0.0   0:00.00 kthreadd
      3 root       0 -20       0      0      0 I   0.0   0.0   0:00.00 rcu_gp
      4 root       0 -20       0      0      0 I   0.0   0.0   0:00.00 rcu_par_gp
------------------------------------------------------------------------------
top - 10:42:58 up  1:52,  2 users,  load average: 2.63, 1.33, 1.05
Tasks: 105 total,   3 running, 102 sleeping,   0 stopped,   0 zombie
%Cpu(s):100.0 us,  0.0 sy,  0.0 ni,  0.0 id,  0.0 wa,  0.0 hi,  0.0 si,  0.0 st
MiB Mem :    474.8 total,      6.0 free,    427.0 used,     41.8 buff/cache
MiB Swap:    820.0 total,    405.5 free,    414.5 used.     34.4 avail Mem 

    PID USER      PR  NI    VIRT    RES    SHR S  %CPU  %MEM     TIME+ COMMAND
   3463 root      20   0  566216 173628   2820 R  63.2  35.7   0:36.07 mem2.bash
   3462 root      20   0  558692 168736   2828 R  26.3  34.7   0:35.98 mem.bash
      1 root      20   0  179196   4080   2120 S   0.0   0.8   0:02.20 systemd
      2 root      20   0       0      0      0 S   0.0   0.0   0:00.00 kthreadd
      3 root       0 -20       0      0      0 I   0.0   0.0   0:00.00 rcu_gp
      4 root       0 -20       0      0      0 I   0.0   0.0   0:00.00 rcu_par_gp
------------------------------------------------------------------------------
top - 10:43:03 up  1:52,  2 users,  load average: 2.66, 1.36, 1.06
Tasks: 106 total,   7 running,  99 sleeping,   0 stopped,   0 zombie
%Cpu(s): 66.7 us, 16.7 sy,  0.0 ni,  0.0 id,  0.0 wa, 16.7 hi,  0.0 si,  0.0 st
MiB Mem :    474.8 total,      4.4 free,    422.3 used,     48.1 buff/cache
MiB Swap:    820.0 total,    361.2 free,    458.8 used.     39.0 avail Mem 

    PID USER      PR  NI    VIRT    RES    SHR S  %CPU  %MEM     TIME+ COMMAND
   3463 root      20   0  588392 173004   2796 R  38.9  35.6   0:38.21 mem2.bash
     46 root      20   0       0      0      0 R  27.8   0.0   0:17.81 kswapd0
   3462 root      20   0  575984 163464   2828 R  27.8  33.6   0:38.12 mem.bash
      1 root      20   0  179196   3844   1884 S   0.0   0.8   0:02.20 systemd
      2 root      20   0       0      0      0 S   0.0   0.0   0:00.00 kthreadd
      3 root       0 -20       0      0      0 I   0.0   0.0   0:00.00 rcu_gp
top - 10:43:04 up  1:52,  2 users,  load average: 2.66, 1.36, 1.06
Tasks: 108 total,   5 running, 103 sleeping,   0 stopped,   0 zombie
%Cpu(s): 83.3 us, 16.7 sy,  0.0 ni,  0.0 id,  0.0 wa,  0.0 hi,  0.0 si,  0.0 st
MiB Mem :    474.8 total,      5.9 free,    413.7 used,     55.2 buff/cache
MiB Swap:    820.0 total,    340.7 free,    479.3 used.     47.6 avail Mem 

    PID USER      PR  NI    VIRT    RES    SHR S  %CPU  %MEM     TIME+ COMMAND
   3463 root      20   0  593804 168600   2796 R  68.4  34.7   0:38.81 mem2.ba+
   3462 root      20   0  581132 157260   2828 R  26.3  32.3   0:38.73 mem.bash
   3473 root      20   0  274272   4032   3644 S   5.3   0.8   0:00.06 top
      1 root      20   0  179196   3728   1768 S   0.0   0.8   0:02.20 systemd
      2 root      20   0       0      0      0 S   0.0   0.0   0:00.00 kthreadd
      3 root       0 -20       0      0      0 I   0.0   0.0   0:00.00 rcu_gp
------------------------------------------------------------------------------
top - 10:43:07 up  1:52,  2 users,  load average: 2.61, 1.37, 1.06
Tasks: 108 total,   4 running, 104 sleeping,   0 stopped,   0 zombie
%Cpu(s): 80.0 us, 20.0 sy,  0.0 ni,  0.0 id,  0.0 wa,  0.0 hi,  0.0 si,  0.0 st
MiB Mem :    474.8 total,      5.7 free,    417.1 used,     52.0 buff/cache
MiB Swap:    820.0 total,    317.2 free,    502.8 used.     44.2 avail Mem 

    PID USER      PR  NI    VIRT    RES    SHR S  %CPU  %MEM     TIME+ COMMAND
   3463 root      20   0  609248 170040   2796 R  52.9  35.0   0:40.28 mem2.bash
   3462 root      20   0  592088 158376   2828 R  41.2  32.6   0:40.20 mem.bash
   3473 root      20   0  274272   4032   3644 S   5.9   0.8   0:00.07 top
      1 root      20   0  179196   3640   1680 S   0.0   0.7   0:02.20 systemd
      2 root      20   0       0      0      0 S   0.0   0.0   0:00.00 kthreadd
      3 root       0 -20       0      0      0 I   0.0   0.0   0:00.00 rcu_gp
------------------------------------------------------------------------------
------------------------------------------------------------------------------
top - 10:43:11 up  1:52,  2 users,  load average: 2.64, 1.40, 1.07
Tasks: 106 total,   5 running, 101 sleeping,   0 stopped,   0 zombie
%Cpu(s): 75.0 us, 12.5 sy,  0.0 ni,  0.0 id,  0.0 wa,  0.0 hi, 12.5 si,  0.0 st
MiB Mem :    474.8 total,      5.7 free,    415.3 used,     53.8 buff/cache
MiB Swap:    820.0 total,    271.8 free,    548.2 used.     46.0 avail Mem 

    PID USER      PR  NI    VIRT    RES    SHR S  %CPU  %MEM     TIME+ COMMAND
   3462 root      20   0  615056 154672   2828 R  34.5  31.8   0:42.37 mem.bash
   3463 root      20   0  627728 168628   2796 R  34.5  34.7   0:42.45 mem2.bash
      9 root      20   0       0      0      0 S   3.4   0.0   0:00.33 ksoftirqd/0
     46 root      20   0       0      0      0 S   3.4   0.0   0:18.02 kswapd0
      1 root      20   0  179196   3568   1608 S   0.0   0.7   0:02.20 systemd
      2 root      20   0       0      0      0 S   0.0   0.0   0:00.00 kthreadd
------------------------------------------------------------------------------
top - 10:43:16 up  1:52,  2 users,  load average: 2.67, 1.43, 1.08
Tasks: 106 total,   4 running, 102 sleeping,   0 stopped,   0 zombie
%Cpu(s): 80.0 us,  0.0 sy,  0.0 ni,  0.0 id,  0.0 wa, 20.0 hi,  0.0 si,  0.0 st
MiB Mem :    474.8 total,      5.6 free,    415.2 used,     54.0 buff/cache
MiB Swap:    820.0 total,    234.7 free,    585.3 used.     46.1 avail Mem 

    PID USER      PR  NI    VIRT    RES    SHR S  %CPU  %MEM     TIME+ COMMAND
   3462 root      20   0  640664 158084   2712 R  57.9  32.5   0:44.68 mem.bash
   3463 root      20   0  646076 170916   2668 R  26.3  35.2   0:44.68 mem2.bash
      1 root      20   0  179196   3268   1308 S   0.0   0.7   0:02.20 systemd
      2 root      20   0       0      0      0 S   0.0   0.0   0:00.00 kthreadd
      3 root       0 -20       0      0      0 I   0.0   0.0   0:00.00 rcu_gp
      4 root       0 -20       0      0      0 I   0.0   0.0   0:00.00 rcu_par_gp
------------------------------------------------------------------------------
top - 10:43:20 up  1:52,  2 users,  load average: 2.70, 1.45, 1.10
Tasks: 106 total,   5 running, 101 sleeping,   0 stopped,   0 zombie
%Cpu(s): 66.7 us, 33.3 sy,  0.0 ni,  0.0 id,  0.0 wa,  0.0 hi,  0.0 si,  0.0 st
MiB Mem :    474.8 total,      4.9 free,    422.4 used,     47.5 buff/cache
MiB Swap:    820.0 total,    204.1 free,    615.9 used.     39.0 avail Mem 

    PID USER      PR  NI    VIRT    RES    SHR S  %CPU  %MEM     TIME+ COMMAND
   3462 root      20   0  657428 162560   2692 R  62.5  33.4   0:46.76 mem.bash
   3463 root      20   0  667988 173960   2668 R  31.2  35.8   0:46.74 mem2.bash
      1 root      20   0  179196   3148   1188 S   0.0   0.6   0:02.20 systemd
      2 root      20   0       0      0      0 S   0.0   0.0   0:00.00 kthreadd
      3 root       0 -20       0      0      0 I   0.0   0.0   0:00.00 rcu_gp
      4 root       0 -20       0      0      0 I   0.0   0.0   0:00.00 rcu_par_gp
------------------------------------------------------------------------------
top - 10:43:25 up  1:52,  2 users,  load average: 2.70, 1.45, 1.10
Tasks: 106 total,   4 running, 102 sleeping,   0 stopped,   0 zombie
%Cpu(s):100.0 us,  0.0 sy,  0.0 ni,  0.0 id,  0.0 wa,  0.0 hi,  0.0 si,  0.0 st
MiB Mem :    474.8 total,      5.8 free,    424.0 used,     45.0 buff/cache
MiB Swap:    820.0 total,    165.7 free,    654.3 used.     37.3 avail Mem 

    PID USER      PR  NI    VIRT    RES    SHR S  %CPU  %MEM     TIME+ COMMAND
   3462 root      20   0  676700 164012   2692 R  55.0  33.7   0:48.99 mem.bash
   3463 root      20   0  690032 174208   2668 R  25.0  35.8   0:48.97 mem2.bash
      1 root      20   0  179196   3056   1096 S   0.0   0.6   0:02.20 systemd
      2 root      20   0       0      0      0 S   0.0   0.0   0:00.00 kthreadd
      3 root       0 -20       0      0      0 I   0.0   0.0   0:00.00 rcu_gp
      4 root       0 -20       0      0      0 I   0.0   0.0   0:00.00 rcu_par_gp
------------------------------------------------------------------------------
top - 10:43:29 up  1:52,  2 users,  load average: 2.72, 1.48, 1.11
Tasks: 106 total,   4 running, 102 sleeping,   0 stopped,   0 zombie
%Cpu(s):100.0 us,  0.0 sy,  0.0 ni,  0.0 id,  0.0 wa,  0.0 hi,  0.0 si,  0.0 st
MiB Mem :    474.8 total,      5.1 free,    425.3 used,     44.3 buff/cache
MiB Swap:    820.0 total,    127.9 free,    692.1 used.     36.0 avail Mem 

    PID USER      PR  NI    VIRT    RES    SHR S  %CPU  %MEM     TIME+ COMMAND
   3462 root      20   0  696500 164960   2692 R  52.6  33.9   0:51.19 mem.bash
   3463 root      20   0  710228 174488   2668 R  42.1  35.9   0:51.18 mem2.bash
      1 root      20   0  179196   3016   1056 S   0.0   0.6   0:02.20 systemd
      2 root      20   0       0      0      0 S   0.0   0.0   0:00.00 kthreadd
      3 root       0 -20       0      0      0 I   0.0   0.0   0:00.00 rcu_gp
      4 root       0 -20       0      0      0 I   0.0   0.0   0:00.00 rcu_par_gp
------------------------------------------------------------------------------
top - 10:43:34 up  1:52,  2 users,  load average: 2.74, 1.50, 1.12
Tasks: 106 total,   5 running, 101 sleeping,   0 stopped,   0 zombie
%Cpu(s): 80.0 us, 20.0 sy,  0.0 ni,  0.0 id,  0.0 wa,  0.0 hi,  0.0 si,  0.0 st
MiB Mem :    474.8 total,      5.9 free,    425.7 used,     43.2 buff/cache
MiB Swap:    820.0 total,     89.5 free,    730.5 used.     35.7 avail Mem 

    PID USER      PR  NI    VIRT    RES    SHR S  %CPU  %MEM     TIME+ COMMAND
   3463 root      20   0  732800 176668   2668 R  68.8  36.3   0:53.35 mem2.bash
   3462 root      20   0  713000 162648   2692 R  25.0  33.5   0:53.27 mem.bash
      1 root      20   0  179196   3012   1052 S   0.0   0.6   0:02.20 systemd
      2 root      20   0       0      0      0 S   0.0   0.0   0:00.00 kthreadd
      3 root       0 -20       0      0      0 I   0.0   0.0   0:00.00 rcu_gp
      4 root       0 -20       0      0      0 I   0.0   0.0   0:00.00 rcu_par_gp
------------------------------------------------------------------------------
top - 10:43:38 up  1:52,  2 users,  load average: 2.76, 1.53, 1.13
Tasks: 106 total,   3 running, 103 sleeping,   0 stopped,   0 zombie
%Cpu(s):100.0 us,  0.0 sy,  0.0 ni,  0.0 id,  0.0 wa,  0.0 hi,  0.0 si,  0.0 st
MiB Mem :    474.8 total,      5.6 free,    428.0 used,     41.2 buff/cache
MiB Swap:    820.0 total,     53.0 free,    767.0 used.     33.4 avail Mem 

    PID USER      PR  NI    VIRT    RES    SHR S  %CPU  %MEM     TIME+ COMMAND
   3462 root      20   0  732800 167320   2680 R  66.7  34.4   0:55.53 mem.bash
   3463 root      20   0  753524 175008   2660 R  27.8  36.0   0:55.51 mem2.bash
      1 root      20   0  179196   2852    892 S   0.0   0.6   0:02.20 systemd
      2 root      20   0       0      0      0 S   0.0   0.0   0:00.00 kthreadd
      3 root       0 -20       0      0      0 I   0.0   0.0   0:00.00 rcu_gp
      4 root       0 -20       0      0      0 I   0.0   0.0   0:00.00 rcu_par_gp
------------------------------------------------------------------------------
top - 10:43:43 up  1:52,  2 users,  load average: 2.70, 1.54, 1.13
Tasks: 106 total,   3 running, 103 sleeping,   0 stopped,   0 zombie
%Cpu(s):100.0 us,  0.0 sy,  0.0 ni,  0.0 id,  0.0 wa,  0.0 hi,  0.0 si,  0.0 st
MiB Mem :    474.8 total,      5.3 free,    427.1 used,     42.4 buff/cache
MiB Swap:    820.0 total,     10.9 free,    809.1 used.     34.3 avail Mem 

    PID USER      PR  NI    VIRT    RES    SHR S  %CPU  %MEM     TIME+ COMMAND
   3463 root      20   0  770552 168976   2660 R  62.5  34.8   0:57.71 mem2.bash
   3462 root      20   0  757220 171936   2656 R  31.2  35.4   0:57.64 mem.bash
      1 root      20   0  179196   2716    756 S   0.0   0.6   0:02.20 systemd
      2 root      20   0       0      0      0 S   0.0   0.0   0:00.00 kthreadd
      3 root       0 -20       0      0      0 I   0.0   0.0   0:00.00 rcu_gp
      4 root       0 -20       0      0      0 I   0.0   0.0   0:00.00 rcu_par_gp
------------------------------------------------------------------------------
top - 10:43:49 up  1:52,  2 users,  load average: 2.73, 1.56, 1.14
Tasks: 105 total,   3 running, 102 sleeping,   0 stopped,   0 zombie
%Cpu(s): 80.0 us,  6.7 sy,  0.0 ni,  0.0 id,  0.0 wa,  6.7 hi,  6.7 si,  0.0 st
MiB Mem :    474.8 total,    122.5 free,    297.4 used,     55.0 buff/cache
MiB Swap:    820.0 total,    378.6 free,    441.4 used.    164.0 avail Mem 

    PID USER      PR  NI    VIRT    RES    SHR S  %CPU  %MEM     TIME+ COMMAND
   3462 root      20   0  798272 206016   1412 R  59.3  42.4   1:01.92 mem.bash
      1 root      20   0  179196   1968      4 S   0.0   0.4   0:02.20 systemd
      2 root      20   0       0      0      0 S   0.0   0.0   0:00.00 kthreadd
      3 root       0 -20       0      0      0 I   0.0   0.0   0:00.00 rcu_gp
      4 root       0 -20       0      0      0 I   0.0   0.0   0:00.00 rcu_par_gp
      6 root       0 -20       0      0      0 I   0.0   0.0   0:00.00 kworker/0:0H-kblockd
------------------------------------------------------------------------------
top - 10:43:53 up  1:52,  2 users,  load average: 2.75, 1.59, 1.15
Tasks: 105 total,   2 running, 103 sleeping,   0 stopped,   0 zombie
%Cpu(s):100.0 us,  0.0 sy,  0.0 ni,  0.0 id,  0.0 wa,  0.0 hi,  0.0 si,  0.0 st
MiB Mem :    474.8 total,     83.1 free,    336.7 used,     55.0 buff/cache
MiB Swap:    820.0 total,    378.6 free,    441.4 used.    124.6 avail Mem 

    PID USER      PR  NI    VIRT    RES    SHR S  %CPU  %MEM     TIME+ COMMAND
   3462 root      20   0  838532 246408   1412 R  99.9  50.7   1:06.13 mem.bash
      1 root      20   0  179196   1968      4 S   0.0   0.4   0:02.20 systemd
      2 root      20   0       0      0      0 S   0.0   0.0   0:00.00 kthreadd
      3 root       0 -20       0      0      0 I   0.0   0.0   0:00.00 rcu_gp
      4 root       0 -20       0      0      0 I   0.0   0.0   0:00.00 rcu_par_gp
      6 root       0 -20       0      0      0 I   0.0   0.0   0:00.00 kworker/0:0H-kblockd
------------------------------------------------------------------------------
top - 10:43:57 up  1:53,  2 users,  load average: 2.61, 1.58, 1.15
Tasks: 105 total,   2 running, 103 sleeping,   0 stopped,   0 zombie
%Cpu(s):100.0 us,  0.0 sy,  0.0 ni,  0.0 id,  0.0 wa,  0.0 hi,  0.0 si,  0.0 st
MiB Mem :    474.8 total,     44.1 free,    375.6 used,     55.0 buff/cache
MiB Swap:    820.0 total,    378.6 free,    441.4 used.     85.7 avail Mem 

    PID USER      PR  NI    VIRT    RES    SHR S  %CPU  %MEM     TIME+ COMMAND
   3462 root      20   0  878264 286512   1668 R  99.9  58.9   1:10.34 mem.bash
      1 root      20   0  179196   1968      4 S   0.0   0.4   0:02.20 systemd
      2 root      20   0       0      0      0 S   0.0   0.0   0:00.00 kthreadd
      3 root       0 -20       0      0      0 I   0.0   0.0   0:00.00 rcu_gp
      4 root       0 -20       0      0      0 I   0.0   0.0   0:00.00 rcu_par_gp
      6 root       0 -20       0      0      0 I   0.0   0.0   0:00.00 kworker/0:0H-kblockd
------------------------------------------------------------------------------
top - 10:44:02 up  1:53,  2 users,  load average: 2.48, 1.57, 1.15
Tasks: 106 total,   4 running, 102 sleeping,   0 stopped,   0 zombie
%Cpu(s):100.0 us,  0.0 sy,  0.0 ni,  0.0 id,  0.0 wa,  0.0 hi,  0.0 si,  0.0 st
MiB Mem :    474.8 total,      5.1 free,    416.4 used,     53.2 buff/cache
MiB Swap:    820.0 total,    378.6 free,    441.4 used.     44.8 avail Mem 

    PID USER      PR  NI    VIRT    RES    SHR S  %CPU  %MEM     TIME+ COMMAND
   3462 root      20   0  919844 327960   1668 R  89.5  67.5   1:14.49 mem.bash
      1 root      20   0  179196   1968      4 S   0.0   0.4   0:02.20 systemd
      2 root      20   0       0      0      0 S   0.0   0.0   0:00.00 kthreadd
      3 root       0 -20       0      0      0 I   0.0   0.0   0:00.00 rcu_gp
      4 root       0 -20       0      0      0 I   0.0   0.0   0:00.00 rcu_par_gp
      6 root       0 -20       0      0      0 I   0.0   0.0   0:00.00 kworker/0:0H-kblockd
top - 10:44:04 up  1:53,  2 users,  load average: 2.48, 1.57, 1.15
Tasks: 108 total,   2 running, 106 sleeping,   0 stopped,   0 zombie
%Cpu(s): 83.3 us,  0.0 sy,  0.0 ni,  0.0 id,  0.0 wa,  0.0 hi, 16.7 si,  0.0 st
MiB Mem :    474.8 total,      5.6 free,    409.7 used,     59.5 buff/cache
MiB Swap:    820.0 total,    351.3 free,    468.7 used.     51.6 avail Mem 

    PID USER      PR  NI    VIRT    RES    SHR S  %CPU  %MEM     TIME+ COMMAND
   3462 root      20   0  937796 318028   1668 R  60.0  65.4   1:16.49 mem.bash
     46 root      20   0       0      0      0 S   4.0   0.0   0:18.55 kswapd0
      1 root      20   0  179196   4648   2684 S   0.0   1.0   0:02.21 systemd
      2 root      20   0       0      0      0 S   0.0   0.0   0:00.00 kthreadd
      3 root       0 -20       0      0      0 I   0.0   0.0   0:00.00 rcu_gp
      4 root       0 -20       0      0      0 I   0.0   0.0   0:00.00 rcu_par+
------------------------------------------------------------------------------
top - 10:44:06 up  1:53,  2 users,  load average: 2.36, 1.56, 1.15
Tasks: 108 total,   2 running, 106 sleeping,   0 stopped,   0 zombie
%Cpu(s): 83.3 us, 16.7 sy,  0.0 ni,  0.0 id,  0.0 wa,  0.0 hi,  0.0 si,  0.0 st
MiB Mem :    474.8 total,      5.5 free,    413.6 used,     55.7 buff/cache
MiB Swap:    820.0 total,    337.9 free,    482.1 used.     47.7 avail Mem 

    PID USER      PR  NI    VIRT    RES    SHR S  %CPU  %MEM     TIME+ COMMAND
   3462 root      20   0  955484 321932   1668 R  95.2  66.2   1:18.40 mem.bash
     46 root      20   0       0      0      0 S   4.8   0.0   0:18.57 kswapd0
      1 root      20   0  179196   4648   2684 S   0.0   1.0   0:02.21 systemd
      2 root      20   0       0      0      0 S   0.0   0.0   0:00.00 kthreadd
      3 root       0 -20       0      0      0 I   0.0   0.0   0:00.00 rcu_gp
      4 root       0 -20       0      0      0 I   0.0   0.0   0:00.00 rcu_par_gp
------------------------------------------------------------------------------
------------------------------------------------------------------------------
top - 10:44:10 up  1:53,  2 users,  load average: 2.41, 1.58, 1.16
Tasks: 105 total,   3 running, 102 sleeping,   0 stopped,   0 zombie
%Cpu(s):100.0 us,  0.0 sy,  0.0 ni,  0.0 id,  0.0 wa,  0.0 hi,  0.0 si,  0.0 st
MiB Mem :    474.8 total,      5.3 free,    411.4 used,     58.1 buff/cache
MiB Swap:    820.0 total,    300.9 free,    519.1 used.     49.9 avail Mem 

    PID USER      PR  NI    VIRT    RES    SHR S  %CPU  %MEM     TIME+ COMMAND
   3462 root      20   0  993632 322220   1668 R  99.9  66.3   1:22.53 mem.bash
      1 root      20   0  179196   4384   2420 S   0.0   0.9   0:02.21 systemd
      2 root      20   0       0      0      0 S   0.0   0.0   0:00.00 kthreadd
      3 root       0 -20       0      0      0 I   0.0   0.0   0:00.00 rcu_gp
      4 root       0 -20       0      0      0 I   0.0   0.0   0:00.00 rcu_par_gp
      6 root       0 -20       0      0      0 I   0.0   0.0   0:00.00 kworker/0:0H-kblockd
------------------------------------------------------------------------------
top - 10:44:15 up  1:53,  2 users,  load average: 2.41, 1.58, 1.16
Tasks: 105 total,   4 running, 101 sleeping,   0 stopped,   0 zombie
%Cpu(s):100.0 us,  0.0 sy,  0.0 ni,  0.0 id,  0.0 wa,  0.0 hi,  0.0 si,  0.0 st
MiB Mem :    474.8 total,      5.1 free,    417.4 used,     52.3 buff/cache
MiB Swap:    820.0 total,    268.2 free,    551.8 used.     43.9 avail Mem 

    PID USER      PR  NI    VIRT    RES    SHR S  %CPU  %MEM     TIME+ COMMAND
   3462 root      20   0 1033364 328408   1668 R  99.9  67.5   1:26.77 mem.bash
      1 root      20   0  179196   4384   2420 S   0.0   0.9   0:02.21 systemd
      2 root      20   0       0      0      0 S   0.0   0.0   0:00.00 kthreadd
      3 root       0 -20       0      0      0 I   0.0   0.0   0:00.00 rcu_gp
      4 root       0 -20       0      0      0 I   0.0   0.0   0:00.00 rcu_par_gp
      6 root       0 -20       0      0      0 I   0.0   0.0   0:00.00 kworker/0:0H-kblockd
------------------------------------------------------------------------------
top - 10:44:19 up  1:53,  2 users,  load average: 2.38, 1.59, 1.16
Tasks: 105 total,   2 running, 103 sleeping,   0 stopped,   0 zombie
%Cpu(s): 75.0 us, 25.0 sy,  0.0 ni,  0.0 id,  0.0 wa,  0.0 hi,  0.0 si,  0.0 st
MiB Mem :    474.8 total,      5.3 free,    418.9 used,     50.6 buff/cache
MiB Swap:    820.0 total,    228.0 free,    592.0 used.     42.4 avail Mem 

    PID USER      PR  NI    VIRT    RES    SHR S  %CPU  %MEM     TIME+ COMMAND
   3462 root      20   0 1075340 329264   1668 R  89.5  67.7   1:31.06 mem.bash
      1 root      20   0  179196   4120   2156 S   0.0   0.8   0:02.21 systemd
      2 root      20   0       0      0      0 S   0.0   0.0   0:00.00 kthreadd
      3 root       0 -20       0      0      0 I   0.0   0.0   0:00.00 rcu_gp
      4 root       0 -20       0      0      0 I   0.0   0.0   0:00.00 rcu_par_gp
      6 root       0 -20       0      0      0 I   0.0   0.0   0:00.00 kworker/0:0H-kblockd
------------------------------------------------------------------------------
top - 10:44:23 up  1:53,  2 users,  load average: 2.35, 1.60, 1.17
Tasks: 105 total,   3 running, 102 sleeping,   0 stopped,   0 zombie
%Cpu(s):100.0 us,  0.0 sy,  0.0 ni,  0.0 id,  0.0 wa,  0.0 hi,  0.0 si,  0.0 st
MiB Mem :    474.8 total,      5.9 free,    420.7 used,     48.2 buff/cache
MiB Swap:    820.0 total,    192.1 free,    627.9 used.     40.6 avail Mem 

    PID USER      PR  NI    VIRT    RES    SHR S  %CPU  %MEM     TIME+ COMMAND
   3462 root      20   0 1114544 331740   1668 R  88.9  68.2   1:35.22 mem.bash
      1 root      20   0  179196   3884   1920 S   0.0   0.8   0:02.21 systemd
      2 root      20   0       0      0      0 S   0.0   0.0   0:00.00 kthreadd
      3 root       0 -20       0      0      0 I   0.0   0.0   0:00.00 rcu_gp
      4 root       0 -20       0      0      0 I   0.0   0.0   0:00.00 rcu_par_gp
      6 root       0 -20       0      0      0 I   0.0   0.0   0:00.00 kworker/0:0H-kblockd
------------------------------------------------------------------------------
top - 10:44:28 up  1:53,  2 users,  load average: 2.24, 1.58, 1.17
Tasks: 105 total,   2 running, 103 sleeping,   0 stopped,   0 zombie
%Cpu(s):100.0 us,  0.0 sy,  0.0 ni,  0.0 id,  0.0 wa,  0.0 hi,  0.0 si,  0.0 st
MiB Mem :    474.8 total,      5.7 free,    423.8 used,     45.4 buff/cache
MiB Swap:    820.0 total,    154.7 free,    665.3 used.     37.5 avail Mem 

    PID USER      PR  NI    VIRT    RES    SHR S  %CPU  %MEM     TIME+ COMMAND
   3462 root      20   0 1155332 334316   1668 R  76.9  68.8   1:39.63 mem.bash
     46 root      20   0       0      0      0 S   3.8   0.0   0:18.95 kswapd0
      1 root      20   0  179196   3872   1908 S   0.0   0.8   0:02.21 systemd
      2 root      20   0       0      0      0 S   0.0   0.0   0:00.00 kthreadd
      3 root       0 -20       0      0      0 I   0.0   0.0   0:00.00 rcu_gp
      4 root       0 -20       0      0      0 I   0.0   0.0   0:00.00 rcu_par_gp
------------------------------------------------------------------------------
top - 10:44:32 up  1:53,  2 users,  load average: 2.22, 1.59, 1.17
Tasks: 105 total,   4 running, 101 sleeping,   0 stopped,   0 zombie
%Cpu(s):100.0 us,  0.0 sy,  0.0 ni,  0.0 id,  0.0 wa,  0.0 hi,  0.0 si,  0.0 st
MiB Mem :    474.8 total,      5.5 free,    425.3 used,     44.0 buff/cache
MiB Swap:    820.0 total,    116.9 free,    703.1 used.     36.1 avail Mem 

    PID USER      PR  NI    VIRT    RES    SHR S  %CPU  %MEM     TIME+ COMMAND
   3462 root      20   0 1195196 335540   1668 R  94.1  69.0   1:43.64 mem.bash
      1 root      20   0  179196   3812   1848 S   0.0   0.8   0:02.21 systemd
      2 root      20   0       0      0      0 S   0.0   0.0   0:00.00 kthreadd
      3 root       0 -20       0      0      0 I   0.0   0.0   0:00.00 rcu_gp
      4 root       0 -20       0      0      0 I   0.0   0.0   0:00.00 rcu_par_gp
      6 root       0 -20       0      0      0 I   0.0   0.0   0:00.00 kworker/0:0H-kblockd
------------------------------------------------------------------------------
top - 10:44:37 up  1:53,  2 users,  load average: 2.12, 1.58, 1.17
Tasks: 105 total,   2 running, 103 sleeping,   0 stopped,   0 zombie
%Cpu(s):100.0 us,  0.0 sy,  0.0 ni,  0.0 id,  0.0 wa,  0.0 hi,  0.0 si,  0.0 st
MiB Mem :    474.8 total,      5.7 free,    425.6 used,     43.5 buff/cache
MiB Swap:    820.0 total,     78.8 free,    741.1 used.     35.7 avail Mem 

    PID USER      PR  NI    VIRT    RES    SHR S  %CPU  %MEM     TIME+ COMMAND
   3462 root      20   0 1234532 335748   1668 R  95.0  69.1   1:47.85 mem.bash
     46 root      20   0       0      0      0 S   5.0   0.0   0:19.34 kswapd0
      1 root      20   0  179196   3620   1656 S   0.0   0.7   0:02.21 systemd
      2 root      20   0       0      0      0 S   0.0   0.0   0:00.00 kthreadd
      3 root       0 -20       0      0      0 I   0.0   0.0   0:00.00 rcu_gp
      4 root       0 -20       0      0      0 I   0.0   0.0   0:00.00 rcu_par_gp
------------------------------------------------------------------------------
top - 10:44:41 up  1:53,  2 users,  load average: 2.03, 1.57, 1.17
Tasks: 105 total,   3 running, 102 sleeping,   0 stopped,   0 zombie
%Cpu(s):100.0 us,  0.0 sy,  0.0 ni,  0.0 id,  0.0 wa,  0.0 hi,  0.0 si,  0.0 st
MiB Mem :    474.8 total,      6.5 free,    425.8 used,     42.5 buff/cache
MiB Swap:    820.0 total,     39.2 free,    780.8 used.     35.5 avail Mem 

    PID USER      PR  NI    VIRT    RES    SHR S  %CPU  %MEM     TIME+ COMMAND
   3462 root      20   0 1275056 335552   1668 R  80.0  69.0   1:52.16 mem.bash
     46 root      20   0       0      0      0 S   5.0   0.0   0:19.44 kswapd0
      1 root      20   0  179196   3436   1472 S   0.0   0.7   0:02.21 systemd
      2 root      20   0       0      0      0 S   0.0   0.0   0:00.00 kthreadd
      3 root       0 -20       0      0      0 I   0.0   0.0   0:00.00 rcu_gp
      4 root       0 -20       0      0      0 I   0.0   0.0   0:00.00 rcu_par_gp
------------------------------------------------------------------------------
top - 10:44:45 up  1:53,  2 users,  load average: 2.03, 1.58, 1.18
Tasks: 105 total,   3 running, 102 sleeping,   0 stopped,   0 zombie
%Cpu(s):100.0 us,  0.0 sy,  0.0 ni,  0.0 id,  0.0 wa,  0.0 hi,  0.0 si,  0.0 st
MiB Mem :    474.8 total,      5.5 free,    426.8 used,     42.5 buff/cache
MiB Swap:    820.0 total,      2.6 free,    817.4 used.     34.5 avail Mem 

    PID USER      PR  NI    VIRT    RES    SHR S  %CPU  %MEM     TIME+ COMMAND
   3462 root      20   0 1313996 337324   1668 R  99.9  69.4   1:56.26 mem.bash
      1 root      20   0  179196   3280   1316 S   0.0   0.7   0:02.21 systemd
      2 root      20   0       0      0      0 S   0.0   0.0   0:00.00 kthreadd
      3 root       0 -20       0      0      0 I   0.0   0.0   0:00.00 rcu_gp
      4 root       0 -20       0      0      0 I   0.0   0.0   0:00.00 rcu_par_gp
      6 root       0 -20       0      0      0 I   0.0   0.0   0:00.00 kworker/0:0H-kblockd
------------------------------------------------------------------------------
top - 10:44:50 up  1:53,  2 users,  load average: 2.03, 1.58, 1.18
Tasks: 104 total,   1 running, 103 sleeping,   0 stopped,   0 zombie
%Cpu(s):  0.0 us,  5.9 sy,  0.0 ni, 88.2 id,  5.9 wa,  0.0 hi,  0.0 si,  0.0 st
MiB Mem :    474.8 total,    324.8 free,     95.6 used,     54.4 buff/cache
MiB Swap:    820.0 total,    740.7 free,     79.3 used.    365.7 avail Mem 

    PID USER      PR  NI    VIRT    RES    SHR S  %CPU  %MEM     TIME+ COMMAND
      1 root      20   0  179196   2112    148 S   0.0   0.4   0:02.21 systemd
      2 root      20   0       0      0      0 S   0.0   0.0   0:00.00 kthreadd
      3 root       0 -20       0      0      0 I   0.0   0.0   0:00.00 rcu_gp
      4 root       0 -20       0      0      0 I   0.0   0.0   0:00.00 rcu_par_gp
      6 root       0 -20       0      0      0 I   0.0   0.0   0:00.00 kworker/0:0H-kblockd
      8 root       0 -20       0      0      0 I   0.0   0.0   0:00.00 mm_percpu_wq
------------------------------------------------------------------------------
top - 10:44:54 up  1:54,  2 users,  load average: 1.87, 1.55, 1.17
Tasks: 104 total,   2 running, 102 sleeping,   0 stopped,   0 zombie
%Cpu(s):  0.0 us,  0.0 sy,  0.0 ni,100.0 id,  0.0 wa,  0.0 hi,  0.0 si,  0.0 st
MiB Mem :    474.8 total,    323.8 free,     95.6 used,     55.4 buff/cache
MiB Swap:    820.0 total,    740.7 free,     79.3 used.    365.7 avail Mem 

    PID USER      PR  NI    VIRT    RES    SHR S  %CPU  %MEM     TIME+ COMMAND
      1 root      20   0  179196   2112    148 S   0.0   0.4   0:02.21 systemd
      2 root      20   0       0      0      0 S   0.0   0.0   0:00.00 kthreadd
      3 root       0 -20       0      0      0 I   0.0   0.0   0:00.00 rcu_gp
      4 root       0 -20       0      0      0 I   0.0   0.0   0:00.00 rcu_par_gp
      6 root       0 -20       0      0      0 I   0.0   0.0   0:00.00 kworker/0:0H-kblockd
      8 root       0 -20       0      0      0 I   0.0   0.0   0:00.00 mm_percpu_wq
------------------------------------------------------------------------------
top - 10:44:58 up  1:54,  2 users,  load average: 1.72, 1.53, 1.16
Tasks: 104 total,   2 running, 102 sleeping,   0 stopped,   0 zombie
%Cpu(s):  0.0 us,  0.0 sy,  0.0 ni,100.0 id,  0.0 wa,  0.0 hi,  0.0 si,  0.0 st
MiB Mem :    474.8 total,    323.9 free,     95.5 used,     55.4 buff/cache
MiB Swap:    820.0 total,    740.7 free,     79.3 used.    365.7 avail Mem 

    PID USER      PR  NI    VIRT    RES    SHR S  %CPU  %MEM     TIME+ COMMAND
      1 root      20   0  179196   2112    148 S   0.0   0.4   0:02.21 systemd
      2 root      20   0       0      0      0 S   0.0   0.0   0:00.00 kthreadd
      3 root       0 -20       0      0      0 I   0.0   0.0   0:00.00 rcu_gp
      4 root       0 -20       0      0      0 I   0.0   0.0   0:00.00 rcu_par_gp
      6 root       0 -20       0      0      0 I   0.0   0.0   0:00.00 kworker/0:0H-kblockd
      8 root       0 -20       0      0      0 I   0.0   0.0   0:00.00 mm_percpu_wq
------------------------------------------------------------------------------
top - 10:45:01 up  1:54,  2 users,  load average: 1.58, 1.50, 1.16
Tasks: 104 total,   2 running, 102 sleeping,   0 stopped,   0 zombie
%Cpu(s):  0.0 us,  0.0 sy,  0.0 ni,100.0 id,  0.0 wa,  0.0 hi,  0.0 si,  0.0 st
MiB Mem :    474.8 total,    302.6 free,     96.8 used,     75.4 buff/cache
MiB Swap:    820.0 total,    740.7 free,     79.3 used.    364.4 avail Mem 

    PID USER      PR  NI    VIRT    RES    SHR S  %CPU  %MEM     TIME+ COMMAND
      1 root      20   0  179196   4708   2744 S   0.0   1.0   0:02.21 systemd
      2 root      20   0       0      0      0 S   0.0   0.0   0:00.00 kthreadd
      3 root       0 -20       0      0      0 I   0.0   0.0   0:00.00 rcu_gp
      4 root       0 -20       0      0      0 I   0.0   0.0   0:00.00 rcu_par+
      6 root       0 -20       0      0      0 I   0.0   0.0   0:00.00 kworker+
      8 root       0 -20       0      0      0 I   0.0   0.0   0:00.00 mm_perc+
top - 10:45:02 up  1:54,  2 users,  load average: 1.58, 1.50, 1.16
Tasks: 107 total,   1 running, 106 sleeping,   0 stopped,   0 zombie
%Cpu(s):  0.0 us,  0.0 sy,  0.0 ni,100.0 id,  0.0 wa,  0.0 hi,  0.0 si,  0.0 st
MiB Mem :    474.8 total,    301.1 free,     98.2 used,     75.4 buff/cache
MiB Swap:    820.0 total,    740.7 free,     79.3 used.    363.0 avail Mem 

    PID USER      PR  NI    VIRT    RES    SHR S  %CPU  %MEM     TIME+ COMMAND
      1 root      20   0  179196   4708   2744 S   0.0   1.0   0:02.21 systemd
      2 root      20   0       0      0      0 S   0.0   0.0   0:00.00 kthreadd
      3 root       0 -20       0      0      0 I   0.0   0.0   0:00.00 rcu_gp
      4 root       0 -20       0      0      0 I   0.0   0.0   0:00.00 rcu_par_gp
      6 root       0 -20       0      0      0 I   0.0   0.0   0:00.00 kworker/0:0H-kblockd
      8 root       0 -20       0      0      0 I   0.0   0.0   0:00.00 mm_percpu_wq
------------------------------------------------------------------------------
------------------------------------------------------------------------------
top - 10:45:06 up  1:54,  2 users,  load average: 1.45, 1.48, 1.15
Tasks: 104 total,   1 running, 103 sleeping,   0 stopped,   0 zombie
%Cpu(s):  0.0 us,  5.9 sy,  0.0 ni, 88.2 id,  5.9 wa,  0.0 hi,  0.0 si,  0.0 st
MiB Mem :    474.8 total,    293.1 free,     95.6 used,     86.1 buff/cache
MiB Swap:    820.0 total,    740.7 free,     79.3 used.    365.6 avail Mem 

    PID USER      PR  NI    VIRT    RES    SHR S  %CPU  %MEM     TIME+ COMMAND
      1 root      20   0  179196   4708   2744 S   0.0   1.0   0:02.22 systemd
      2 root      20   0       0      0      0 S   0.0   0.0   0:00.00 kthreadd
      3 root       0 -20       0      0      0 I   0.0   0.0   0:00.00 rcu_gp
      4 root       0 -20       0      0      0 I   0.0   0.0   0:00.00 rcu_par_gp
      6 root       0 -20       0      0      0 I   0.0   0.0   0:00.00 kworker/0:0H-kblockd
      8 root       0 -20       0      0      0 I   0.0   0.0   0:00.00 mm_percpu_wq
------------------------------------------------------------------------------
top - 10:45:11 up  1:54,  2 users,  load average: 1.34, 1.45, 1.14
Tasks: 104 total,   1 running, 103 sleeping,   0 stopped,   0 zombie
%Cpu(s):  0.0 us,  0.0 sy,  0.0 ni,100.0 id,  0.0 wa,  0.0 hi,  0.0 si,  0.0 st
MiB Mem :    474.8 total,    293.1 free,     95.6 used,     86.1 buff/cache
MiB Swap:    820.0 total,    740.7 free,     79.3 used.    365.7 avail Mem 

    PID USER      PR  NI    VIRT    RES    SHR S  %CPU  %MEM     TIME+ COMMAND
      1 root      20   0  179196   4708   2744 S   0.0   1.0   0:02.22 systemd
      2 root      20   0       0      0      0 S   0.0   0.0   0:00.00 kthreadd
      3 root       0 -20       0      0      0 I   0.0   0.0   0:00.00 rcu_gp
      4 root       0 -20       0      0      0 I   0.0   0.0   0:00.00 rcu_par_gp
      6 root       0 -20       0      0      0 I   0.0   0.0   0:00.00 kworker/0:0H-kblockd
      8 root       0 -20       0      0      0 I   0.0   0.0   0:00.00 mm_percpu_wq
------------------------------------------------------------------------------
top - 10:45:15 up  1:54,  2 users,  load average: 1.34, 1.45, 1.14
Tasks: 104 total,   1 running, 103 sleeping,   0 stopped,   0 zombie
%Cpu(s):  0.0 us,  0.0 sy,  0.0 ni, 93.8 id,  0.0 wa,  6.2 hi,  0.0 si,  0.0 st
MiB Mem :    474.8 total,    293.1 free,     95.5 used,     86.1 buff/cache
MiB Swap:    820.0 total,    740.7 free,     79.3 used.    365.7 avail Mem 

    PID USER      PR  NI    VIRT    RES    SHR S  %CPU  %MEM     TIME+ COMMAND
      1 root      20   0  179196   4708   2744 S   0.0   1.0   0:02.22 systemd
      2 root      20   0       0      0      0 S   0.0   0.0   0:00.00 kthreadd
      3 root       0 -20       0      0      0 I   0.0   0.0   0:00.00 rcu_gp
      4 root       0 -20       0      0      0 I   0.0   0.0   0:00.00 rcu_par_gp
      6 root       0 -20       0      0      0 I   0.0   0.0   0:00.00 kworker/0:0H-kblockd
      8 root       0 -20       0      0      0 I   0.0   0.0   0:00.00 mm_percpu_wq
------------------------------------------------------------------------------
top - 10:45:19 up  1:54,  2 users,  load average: 1.23, 1.43, 1.14
Tasks: 104 total,   1 running, 103 sleeping,   0 stopped,   0 zombie
%Cpu(s):  0.0 us,  0.0 sy,  0.0 ni,100.0 id,  0.0 wa,  0.0 hi,  0.0 si,  0.0 st
MiB Mem :    474.8 total,    293.1 free,     95.6 used,     86.1 buff/cache
MiB Swap:    820.0 total,    740.7 free,     79.3 used.    365.7 avail Mem 

    PID USER      PR  NI    VIRT    RES    SHR S  %CPU  %MEM     TIME+ COMMAND
      1 root      20   0  179196   4708   2744 S   0.0   1.0   0:02.22 systemd
      2 root      20   0       0      0      0 S   0.0   0.0   0:00.00 kthreadd
      3 root       0 -20       0      0      0 I   0.0   0.0   0:00.00 rcu_gp
      4 root       0 -20       0      0      0 I   0.0   0.0   0:00.00 rcu_par_gp
      6 root       0 -20       0      0      0 I   0.0   0.0   0:00.00 kworker/0:0H-kblockd
      8 root       0 -20       0      0      0 I   0.0   0.0   0:00.00 mm_percpu_wq
------------------------------------------------------------------------------
top - 10:45:23 up  1:54,  2 users,  load average: 1.13, 1.40, 1.13
Tasks: 104 total,   2 running, 102 sleeping,   0 stopped,   0 zombie
%Cpu(s):  0.0 us,  6.2 sy,  0.0 ni, 93.8 id,  0.0 wa,  0.0 hi,  0.0 si,  0.0 st
MiB Mem :    474.8 total,    292.9 free,     95.6 used,     86.3 buff/cache
MiB Swap:    820.0 total,    740.7 free,     79.3 used.    365.7 avail Mem 

    PID USER      PR  NI    VIRT    RES    SHR S  %CPU  %MEM     TIME+ COMMAND
      1 root      20   0  179196   4708   2744 S   0.0   1.0   0:02.22 systemd
      2 root      20   0       0      0      0 S   0.0   0.0   0:00.00 kthreadd
      3 root       0 -20       0      0      0 I   0.0   0.0   0:00.00 rcu_gp
      4 root       0 -20       0      0      0 I   0.0   0.0   0:00.00 rcu_par_gp
      6 root       0 -20       0      0      0 I   0.0   0.0   0:00.00 kworker/0:0H-kblockd
      8 root       0 -20       0      0      0 I   0.0   0.0   0:00.00 mm_percpu_wq
------------------------------------------------------------------------------
top - 10:45:27 up  1:54,  2 users,  load average: 1.04, 1.38, 1.12
Tasks: 104 total,   1 running, 103 sleeping,   0 stopped,   0 zombie
%Cpu(s):  0.0 us,  0.0 sy,  0.0 ni,100.0 id,  0.0 wa,  0.0 hi,  0.0 si,  0.0 st
MiB Mem :    474.8 total,    292.9 free,     95.6 used,     86.3 buff/cache
MiB Swap:    820.0 total,    740.7 free,     79.3 used.    365.7 avail Mem 

    PID USER      PR  NI    VIRT    RES    SHR S  %CPU  %MEM     TIME+ COMMAND
      1 root      20   0  179196   4708   2744 S   0.0   1.0   0:02.22 systemd
      2 root      20   0       0      0      0 S   0.0   0.0   0:00.00 kthreadd
      3 root       0 -20       0      0      0 I   0.0   0.0   0:00.00 rcu_gp
      4 root       0 -20       0      0      0 I   0.0   0.0   0:00.00 rcu_par_gp
      6 root       0 -20       0      0      0 I   0.0   0.0   0:00.00 kworker/0:0H-kblockd
      8 root       0 -20       0      0      0 I   0.0   0.0   0:00.00 mm_percpu_wq
------------------------------------------------------------------------------
top - 10:45:31 up  1:54,  2 users,  load average: 0.96, 1.36, 1.12
Tasks: 104 total,   1 running, 103 sleeping,   0 stopped,   0 zombie
%Cpu(s):  0.0 us,  0.0 sy,  0.0 ni,100.0 id,  0.0 wa,  0.0 hi,  0.0 si,  0.0 st
MiB Mem :    474.8 total,    292.9 free,     95.6 used,     86.3 buff/cache
MiB Swap:    820.0 total,    740.7 free,     79.3 used.    365.6 avail Mem 

    PID USER      PR  NI    VIRT    RES    SHR S  %CPU  %MEM     TIME+ COMMAND
      1 root      20   0  179196   4708   2744 S   0.0   1.0   0:02.22 systemd
      2 root      20   0       0      0      0 S   0.0   0.0   0:00.00 kthreadd
      3 root       0 -20       0      0      0 I   0.0   0.0   0:00.00 rcu_gp
      4 root       0 -20       0      0      0 I   0.0   0.0   0:00.00 rcu_par_gp
      6 root       0 -20       0      0      0 I   0.0   0.0   0:00.00 kworker/0:0H-kblockd
      8 root       0 -20       0      0      0 I   0.0   0.0   0:00.00 mm_percpu_wq
------------------------------------------------------------------------------
top - 10:45:36 up  1:54,  2 users,  load average: 0.88, 1.33, 1.11
Tasks: 104 total,   1 running, 103 sleeping,   0 stopped,   0 zombie
%Cpu(s):  0.0 us,  0.0 sy,  0.0 ni,100.0 id,  0.0 wa,  0.0 hi,  0.0 si,  0.0 st
MiB Mem :    474.8 total,    292.9 free,     95.6 used,     86.3 buff/cache
MiB Swap:    820.0 total,    740.7 free,     79.3 used.    365.7 avail Mem 

    PID USER      PR  NI    VIRT    RES    SHR S  %CPU  %MEM     TIME+ COMMAND
      1 root      20   0  179196   4708   2744 S   0.0   1.0   0:02.22 systemd
      2 root      20   0       0      0      0 S   0.0   0.0   0:00.00 kthreadd
      3 root       0 -20       0      0      0 I   0.0   0.0   0:00.00 rcu_gp
      4 root       0 -20       0      0      0 I   0.0   0.0   0:00.00 rcu_par_gp
      6 root       0 -20       0      0      0 I   0.0   0.0   0:00.00 kworker/0:0H-kblockd
      8 root       0 -20       0      0      0 I   0.0   0.0   0:00.00 mm_percpu_wq
------------------------------------------------------------------------------
top - 10:45:40 up  1:54,  2 users,  load average: 0.88, 1.33, 1.11
Tasks: 104 total,   2 running, 102 sleeping,   0 stopped,   0 zombie
%Cpu(s):  0.0 us,  0.0 sy,  0.0 ni,100.0 id,  0.0 wa,  0.0 hi,  0.0 si,  0.0 st
MiB Mem :    474.8 total,    292.9 free,     95.6 used,     86.3 buff/cache
MiB Swap:    820.0 total,    740.7 free,     79.3 used.    365.7 avail Mem 

    PID USER      PR  NI    VIRT    RES    SHR S  %CPU  %MEM     TIME+ COMMAND
      1 root      20   0  179196   4708   2744 S   0.0   1.0   0:02.22 systemd
      2 root      20   0       0      0      0 S   0.0   0.0   0:00.00 kthreadd
      3 root       0 -20       0      0      0 I   0.0   0.0   0:00.00 rcu_gp
      4 root       0 -20       0      0      0 I   0.0   0.0   0:00.00 rcu_par_gp
      6 root       0 -20       0      0      0 I   0.0   0.0   0:00.00 kworker/0:0H-kblockd
      8 root       0 -20       0      0      0 I   0.0   0.0   0:00.00 mm_percpu_wq
------------------------------------------------------------------------------
top - 10:45:44 up  1:54,  2 users,  load average: 0.81, 1.31, 1.11
Tasks: 104 total,   2 running, 102 sleeping,   0 stopped,   0 zombie
%Cpu(s):  0.0 us,  0.0 sy,  0.0 ni,100.0 id,  0.0 wa,  0.0 hi,  0.0 si,  0.0 st
MiB Mem :    474.8 total,    292.9 free,     95.6 used,     86.3 buff/cache
MiB Swap:    820.0 total,    740.7 free,     79.3 used.    365.6 avail Mem 

    PID USER      PR  NI    VIRT    RES    SHR S  %CPU  %MEM     TIME+ COMMAND
      1 root      20   0  179196   4708   2744 S   0.0   1.0   0:02.22 systemd
      2 root      20   0       0      0      0 S   0.0   0.0   0:00.00 kthreadd
      3 root       0 -20       0      0      0 I   0.0   0.0   0:00.00 rcu_gp
      4 root       0 -20       0      0      0 I   0.0   0.0   0:00.00 rcu_par_gp
      6 root       0 -20       0      0      0 I   0.0   0.0   0:00.00 kworker/0:0H-kblockd
      8 root       0 -20       0      0      0 I   0.0   0.0   0:00.00 mm_percpu_wq
------------------------------------------------------------------------------
top - 10:45:48 up  1:54,  2 users,  load average: 0.74, 1.29, 1.10
Tasks: 104 total,   2 running, 102 sleeping,   0 stopped,   0 zombie
%Cpu(s):  0.0 us,  6.2 sy,  0.0 ni, 93.8 id,  0.0 wa,  0.0 hi,  0.0 si,  0.0 st
MiB Mem :    474.8 total,    292.9 free,     95.6 used,     86.3 buff/cache
MiB Swap:    820.0 total,    740.7 free,     79.3 used.    365.7 avail Mem 

    PID USER      PR  NI    VIRT    RES    SHR S  %CPU  %MEM     TIME+ COMMAND
      1 root      20   0  179196   4708   2744 S   0.0   1.0   0:02.22 systemd
      2 root      20   0       0      0      0 S   0.0   0.0   0:00.00 kthreadd
      3 root       0 -20       0      0      0 I   0.0   0.0   0:00.00 rcu_gp
      4 root       0 -20       0      0      0 I   0.0   0.0   0:00.00 rcu_par_gp
      6 root       0 -20       0      0      0 I   0.0   0.0   0:00.00 kworker/0:0H-kblockd
      8 root       0 -20       0      0      0 I   0.0   0.0   0:00.00 mm_percpu_wq
------------------------------------------------------------------------------
top - 10:45:52 up  1:54,  2 users,  load average: 0.68, 1.27, 1.09
Tasks: 104 total,   1 running, 103 sleeping,   0 stopped,   0 zombie
%Cpu(s):  0.0 us,  0.0 sy,  0.0 ni,100.0 id,  0.0 wa,  0.0 hi,  0.0 si,  0.0 st
MiB Mem :    474.8 total,    292.9 free,     95.6 used,     86.3 buff/cache
MiB Swap:    820.0 total,    740.7 free,     79.3 used.    365.7 avail Mem 

    PID USER      PR  NI    VIRT    RES    SHR S  %CPU  %MEM     TIME+ COMMAND
      1 root      20   0  179196   4708   2744 S   0.0   1.0   0:02.22 systemd
      2 root      20   0       0      0      0 S   0.0   0.0   0:00.00 kthreadd
      3 root       0 -20       0      0      0 I   0.0   0.0   0:00.00 rcu_gp
      4 root       0 -20       0      0      0 I   0.0   0.0   0:00.00 rcu_par_gp
      6 root       0 -20       0      0      0 I   0.0   0.0   0:00.00 kworker/0:0H-kblockd
      8 root       0 -20       0      0      0 I   0.0   0.0   0:00.00 mm_percpu_wq
------------------------------------------------------------------------------
top - 10:45:56 up  1:55,  2 users,  load average: 0.63, 1.25, 1.09
Tasks: 104 total,   1 running, 103 sleeping,   0 stopped,   0 zombie
%Cpu(s):  0.0 us,  0.0 sy,  0.0 ni,100.0 id,  0.0 wa,  0.0 hi,  0.0 si,  0.0 st
MiB Mem :    474.8 total,    292.9 free,     95.6 used,     86.3 buff/cache
MiB Swap:    820.0 total,    740.7 free,     79.3 used.    365.7 avail Mem 

    PID USER      PR  NI    VIRT    RES    SHR S  %CPU  %MEM     TIME+ COMMAND
      1 root      20   0  179196   4708   2744 S   0.0   1.0   0:02.22 systemd
      2 root      20   0       0      0      0 S   0.0   0.0   0:00.00 kthreadd
      3 root       0 -20       0      0      0 I   0.0   0.0   0:00.00 rcu_gp
      4 root       0 -20       0      0      0 I   0.0   0.0   0:00.00 rcu_par_gp
      6 root       0 -20       0      0      0 I   0.0   0.0   0:00.00 kworker/0:0H-kblockd
      8 root       0 -20       0      0      0 I   0.0   0.0   0:00.00 mm_percpu_wq
------------------------------------------------------------------------------
top - 10:46:01 up  1:55,  2 users,  load average: 0.58, 1.23, 1.08
Tasks: 104 total,   1 running, 103 sleeping,   0 stopped,   0 zombie
%Cpu(s):  0.0 us,  0.0 sy,  0.0 ni,100.0 id,  0.0 wa,  0.0 hi,  0.0 si,  0.0 st
MiB Mem :    474.8 total,    292.9 free,     95.6 used,     86.3 buff/cache
MiB Swap:    820.0 total,    740.7 free,     79.3 used.    365.7 avail Mem 

    PID USER      PR  NI    VIRT    RES    SHR S  %CPU  %MEM     TIME+ COMMAND
      1 root      20   0  179196   4708   2744 S   0.0   1.0   0:02.22 systemd
      2 root      20   0       0      0      0 S   0.0   0.0   0:00.00 kthreadd
      3 root       0 -20       0      0      0 I   0.0   0.0   0:00.00 rcu_gp
      4 root       0 -20       0      0      0 I   0.0   0.0   0:00.00 rcu_par_gp
      6 root       0 -20       0      0      0 I   0.0   0.0   0:00.00 kworker/0:0H-kblockd
      8 root       0 -20       0      0      0 I   0.0   0.0   0:00.00 mm_percpu_wq
top - 10:46:02 up  1:55,  2 users,  load average: 0.58, 1.23, 1.08
Tasks: 107 total,   2 running, 105 sleeping,   0 stopped,   0 zombie
%Cpu(s):  0.0 us,  0.0 sy,  0.0 ni, 93.8 id,  0.0 wa,  6.2 hi,  0.0 si,  0.0 st
MiB Mem :    474.8 total,    290.2 free,     98.2 used,     86.4 buff/cache
MiB Swap:    820.0 total,    740.7 free,     79.3 used.    363.0 avail Mem 

    PID USER      PR  NI    VIRT    RES    SHR S  %CPU  %MEM     TIME+ COMMAND
      1 root      20   0  179196   4708   2744 S   0.0   1.0   0:02.22 systemd
      2 root      20   0       0      0      0 S   0.0   0.0   0:00.00 kthreadd
      3 root       0 -20       0      0      0 I   0.0   0.0   0:00.00 rcu_gp
      4 root       0 -20       0      0      0 I   0.0   0.0   0:00.00 rcu_par+
      6 root       0 -20       0      0      0 I   0.0   0.0   0:00.00 kworker+
      8 root       0 -20       0      0      0 I   0.0   0.0   0:00.00 mm_perc+
------------------------------------------------------------------------------
------------------------------------------------------------------------------
top - 10:46:05 up  1:55,  2 users,  load average: 0.58, 1.23, 1.08
Tasks: 104 total,   1 running, 103 sleeping,   0 stopped,   0 zombie
%Cpu(s):  0.0 us,  6.2 sy,  0.0 ni, 93.8 id,  0.0 wa,  0.0 hi,  0.0 si,  0.0 st
MiB Mem :    474.8 total,    292.9 free,     95.6 used,     86.3 buff/cache
MiB Swap:    820.0 total,    740.7 free,     79.3 used.    365.7 avail Mem 

    PID USER      PR  NI    VIRT    RES    SHR S  %CPU  %MEM     TIME+ COMMAND
      1 root      20   0  179196   4708   2744 S   0.0   1.0   0:02.22 systemd
      2 root      20   0       0      0      0 S   0.0   0.0   0:00.00 kthreadd
      3 root       0 -20       0      0      0 I   0.0   0.0   0:00.00 rcu_gp
      4 root       0 -20       0      0      0 I   0.0   0.0   0:00.00 rcu_par_gp
      6 root       0 -20       0      0      0 I   0.0   0.0   0:00.00 kworker/0:0H-kblockd
      8 root       0 -20       0      0      0 I   0.0   0.0   0:00.00 mm_percpu_wq
------------------------------------------------------------------------------
top - 10:46:09 up  1:55,  2 users,  load average: 0.53, 1.20, 1.08
Tasks: 104 total,   1 running, 103 sleeping,   0 stopped,   0 zombie
%Cpu(s):  0.0 us,  0.0 sy,  0.0 ni,100.0 id,  0.0 wa,  0.0 hi,  0.0 si,  0.0 st
MiB Mem :    474.8 total,    292.9 free,     95.6 used,     86.3 buff/cache
MiB Swap:    820.0 total,    740.7 free,     79.3 used.    365.6 avail Mem 

    PID USER      PR  NI    VIRT    RES    SHR S  %CPU  %MEM     TIME+ COMMAND
      1 root      20   0  179196   4708   2744 S   0.0   1.0   0:02.22 systemd
      2 root      20   0       0      0      0 S   0.0   0.0   0:00.00 kthreadd
      3 root       0 -20       0      0      0 I   0.0   0.0   0:00.00 rcu_gp
      4 root       0 -20       0      0      0 I   0.0   0.0   0:00.00 rcu_par_gp
      6 root       0 -20       0      0      0 I   0.0   0.0   0:00.00 kworker/0:0H-kblockd
      8 root       0 -20       0      0      0 I   0.0   0.0   0:00.00 mm_percpu_wq
------------------------------------------------------------------------------
top - 10:46:13 up  1:55,  2 users,  load average: 0.49, 1.18, 1.07
Tasks: 104 total,   1 running, 103 sleeping,   0 stopped,   0 zombie
%Cpu(s):  0.0 us,  0.0 sy,  0.0 ni,100.0 id,  0.0 wa,  0.0 hi,  0.0 si,  0.0 st
MiB Mem :    474.8 total,    292.9 free,     95.5 used,     86.3 buff/cache
MiB Swap:    820.0 total,    740.7 free,     79.3 used.    365.7 avail Mem 

    PID USER      PR  NI    VIRT    RES    SHR S  %CPU  %MEM     TIME+ COMMAND
      1 root      20   0  179196   4708   2744 S   0.0   1.0   0:02.22 systemd
      2 root      20   0       0      0      0 S   0.0   0.0   0:00.00 kthreadd
      3 root       0 -20       0      0      0 I   0.0   0.0   0:00.00 rcu_gp
      4 root       0 -20       0      0      0 I   0.0   0.0   0:00.00 rcu_par_gp
      6 root       0 -20       0      0      0 I   0.0   0.0   0:00.00 kworker/0:0H-kblockd
      8 root       0 -20       0      0      0 I   0.0   0.0   0:00.00 mm_percpu_wq
------------------------------------------------------------------------------
top - 10:46:17 up  1:55,  2 users,  load average: 0.45, 1.16, 1.06
Tasks: 104 total,   1 running, 103 sleeping,   0 stopped,   0 zombie
%Cpu(s):  0.0 us,  0.0 sy,  0.0 ni,100.0 id,  0.0 wa,  0.0 hi,  0.0 si,  0.0 st
MiB Mem :    474.8 total,    292.4 free,     95.6 used,     86.8 buff/cache
MiB Swap:    820.0 total,    740.7 free,     79.3 used.    365.6 avail Mem 

    PID USER      PR  NI    VIRT    RES    SHR S  %CPU  %MEM     TIME+ COMMAND
   3473 root      20   0  274272    388      0 S   6.7   0.1   0:00.34 top
      1 root      20   0  179196   4708   2744 S   0.0   1.0   0:02.22 systemd
      2 root      20   0       0      0      0 S   0.0   0.0   0:00.00 kthreadd
      3 root       0 -20       0      0      0 I   0.0   0.0   0:00.00 rcu_gp
      4 root       0 -20       0      0      0 I   0.0   0.0   0:00.00 rcu_par_gp
      6 root       0 -20       0      0      0 I   0.0   0.0   0:00.00 kworker/0:0H-kblockd
------------------------------------------------------------------------------
top - 10:46:21 up  1:55,  2 users,  load average: 0.41, 1.15, 1.06
Tasks: 104 total,   1 running, 103 sleeping,   0 stopped,   0 zombie
%Cpu(s):  0.0 us,  0.0 sy,  0.0 ni,100.0 id,  0.0 wa,  0.0 hi,  0.0 si,  0.0 st
MiB Mem :    474.8 total,    292.4 free,     95.6 used,     86.8 buff/cache
MiB Swap:    820.0 total,    740.7 free,     79.3 used.    365.6 avail Mem 

    PID USER      PR  NI    VIRT    RES    SHR S  %CPU  %MEM     TIME+ COMMAND
      1 root      20   0  179196   4708   2744 S   0.0   1.0   0:02.22 systemd
      2 root      20   0       0      0      0 S   0.0   0.0   0:00.00 kthreadd
      3 root       0 -20       0      0      0 I   0.0   0.0   0:00.00 rcu_gp
      4 root       0 -20       0      0      0 I   0.0   0.0   0:00.00 rcu_par_gp
      6 root       0 -20       0      0      0 I   0.0   0.0   0:00.00 kworker/0:0H-kblockd
      8 root       0 -20       0      0      0 I   0.0   0.0   0:00.00 mm_percpu_wq
------------------------------------------------------------------------------
top - 10:46:26 up  1:55,  2 users,  load average: 0.38, 1.13, 1.05
Tasks: 104 total,   1 running, 103 sleeping,   0 stopped,   0 zombie
%Cpu(s):  0.0 us,  0.0 sy,  0.0 ni,100.0 id,  0.0 wa,  0.0 hi,  0.0 si,  0.0 st
MiB Mem :    474.8 total,    292.4 free,     95.6 used,     86.8 buff/cache
MiB Swap:    820.0 total,    740.7 free,     79.3 used.    365.6 avail Mem 

    PID USER      PR  NI    VIRT    RES    SHR S  %CPU  %MEM     TIME+ COMMAND
      1 root      20   0  179196   4708   2744 S   0.0   1.0   0:02.22 systemd
      2 root      20   0       0      0      0 S   0.0   0.0   0:00.00 kthreadd
      3 root       0 -20       0      0      0 I   0.0   0.0   0:00.00 rcu_gp
      4 root       0 -20       0      0      0 I   0.0   0.0   0:00.00 rcu_par_gp
      6 root       0 -20       0      0      0 I   0.0   0.0   0:00.00 kworker/0:0H-kblockd
      8 root       0 -20       0      0      0 I   0.0   0.0   0:00.00 mm_percpu_wq
------------------------------------------------------------------------------
top - 10:46:30 up  1:55,  2 users,  load average: 0.38, 1.13, 1.05
Tasks: 104 total,   1 running, 103 sleeping,   0 stopped,   0 zombie
%Cpu(s):  0.0 us,  0.0 sy,  0.0 ni,100.0 id,  0.0 wa,  0.0 hi,  0.0 si,  0.0 st
MiB Mem :    474.8 total,    292.3 free,     95.6 used,     86.8 buff/cache
MiB Swap:    820.0 total,    740.7 free,     79.3 used.    365.6 avail Mem 

    PID USER      PR  NI    VIRT    RES    SHR S  %CPU  %MEM     TIME+ COMMAND
      1 root      20   0  179196   4708   2744 S   0.0   1.0   0:02.22 systemd
      2 root      20   0       0      0      0 S   0.0   0.0   0:00.00 kthreadd
      3 root       0 -20       0      0      0 I   0.0   0.0   0:00.00 rcu_gp
      4 root       0 -20       0      0      0 I   0.0   0.0   0:00.00 rcu_par_gp
      6 root       0 -20       0      0      0 I   0.0   0.0   0:00.00 kworker/0:0H-kblockd
      8 root       0 -20       0      0      0 I   0.0   0.0   0:00.00 mm_percpu_wq
------------------------------------------------------------------------------
top - 10:46:34 up  1:55,  2 users,  load average: 0.35, 1.11, 1.05
Tasks: 104 total,   1 running, 103 sleeping,   0 stopped,   0 zombie
%Cpu(s):  0.0 us,  6.2 sy,  0.0 ni, 93.8 id,  0.0 wa,  0.0 hi,  0.0 si,  0.0 st
MiB Mem :    474.8 total,    292.4 free,     95.6 used,     86.8 buff/cache
MiB Swap:    820.0 total,    740.7 free,     79.3 used.    365.7 avail Mem 

    PID USER      PR  NI    VIRT    RES    SHR S  %CPU  %MEM     TIME+ COMMAND
      1 root      20   0  179196   4708   2744 S   0.0   1.0   0:02.22 systemd
      2 root      20   0       0      0      0 S   0.0   0.0   0:00.00 kthreadd
      3 root       0 -20       0      0      0 I   0.0   0.0   0:00.00 rcu_gp
      4 root       0 -20       0      0      0 I   0.0   0.0   0:00.00 rcu_par_gp
      6 root       0 -20       0      0      0 I   0.0   0.0   0:00.00 kworker/0:0H-kblockd
      8 root       0 -20       0      0      0 I   0.0   0.0   0:00.00 mm_percpu_wq
------------------------------------------------------------------------------
top - 10:46:38 up  1:55,  2 users,  load average: 0.32, 1.09, 1.04
Tasks: 104 total,   1 running, 103 sleeping,   0 stopped,   0 zombie
%Cpu(s):  0.0 us,  0.0 sy,  0.0 ni,100.0 id,  0.0 wa,  0.0 hi,  0.0 si,  0.0 st
MiB Mem :    474.8 total,    292.3 free,     95.6 used,     86.8 buff/cache
MiB Swap:    820.0 total,    740.7 free,     79.3 used.    365.6 avail Mem 

    PID USER      PR  NI    VIRT    RES    SHR S  %CPU  %MEM     TIME+ COMMAND
      1 root      20   0  179196   4708   2744 S   0.0   1.0   0:02.22 systemd
      2 root      20   0       0      0      0 S   0.0   0.0   0:00.00 kthreadd
      3 root       0 -20       0      0      0 I   0.0   0.0   0:00.00 rcu_gp
      4 root       0 -20       0      0      0 I   0.0   0.0   0:00.00 rcu_par_gp
      6 root       0 -20       0      0      0 I   0.0   0.0   0:00.00 kworker/0:0H-kblockd
      8 root       0 -20       0      0      0 I   0.0   0.0   0:00.00 mm_percpu_wq
------------------------------------------------------------------------------
top - 10:46:42 up  1:55,  2 users,  load average: 0.29, 1.07, 1.03
Tasks: 104 total,   1 running, 103 sleeping,   0 stopped,   0 zombie
%Cpu(s):  0.0 us,  0.0 sy,  0.0 ni,100.0 id,  0.0 wa,  0.0 hi,  0.0 si,  0.0 st
MiB Mem :    474.8 total,    292.4 free,     95.6 used,     86.9 buff/cache
MiB Swap:    820.0 total,    740.7 free,     79.3 used.    365.7 avail Mem 

    PID USER      PR  NI    VIRT    RES    SHR S  %CPU  %MEM     TIME+ COMMAND
      1 root      20   0  179196   4708   2744 S   0.0   1.0   0:02.22 systemd
      2 root      20   0       0      0      0 S   0.0   0.0   0:00.00 kthreadd
      3 root       0 -20       0      0      0 I   0.0   0.0   0:00.00 rcu_gp
      4 root       0 -20       0      0      0 I   0.0   0.0   0:00.00 rcu_par_gp
      6 root       0 -20       0      0      0 I   0.0   0.0   0:00.00 kworker/0:0H-kblockd
      8 root       0 -20       0      0      0 I   0.0   0.0   0:00.00 mm_percpu_wq
------------------------------------------------------------------------------
top - 10:46:46 up  1:55,  2 users,  load average: 0.27, 1.05, 1.03
Tasks: 104 total,   1 running, 103 sleeping,   0 stopped,   0 zombie
%Cpu(s):  0.0 us,  0.0 sy,  0.0 ni,100.0 id,  0.0 wa,  0.0 hi,  0.0 si,  0.0 st
MiB Mem :    474.8 total,    292.4 free,     95.6 used,     86.9 buff/cache
MiB Swap:    820.0 total,    740.7 free,     79.3 used.    365.7 avail Mem 

    PID USER      PR  NI    VIRT    RES    SHR S  %CPU  %MEM     TIME+ COMMAND
      1 root      20   0  179196   4708   2744 S   0.0   1.0   0:02.22 systemd
      2 root      20   0       0      0      0 S   0.0   0.0   0:00.00 kthreadd
      3 root       0 -20       0      0      0 I   0.0   0.0   0:00.00 rcu_gp
      4 root       0 -20       0      0      0 I   0.0   0.0   0:00.00 rcu_par_gp
      6 root       0 -20       0      0      0 I   0.0   0.0   0:00.00 kworker/0:0H-kblockd
      8 root       0 -20       0      0      0 I   0.0   0.0   0:00.00 mm_percpu_wq
------------------------------------------------------------------------------
top - 10:46:51 up  1:55,  2 users,  load average: 0.25, 1.03, 1.02
Tasks: 104 total,   1 running, 103 sleeping,   0 stopped,   0 zombie
%Cpu(s):  0.0 us,  0.0 sy,  0.0 ni,100.0 id,  0.0 wa,  0.0 hi,  0.0 si,  0.0 st
MiB Mem :    474.8 total,    292.4 free,     95.6 used,     86.9 buff/cache
MiB Swap:    820.0 total,    740.7 free,     79.3 used.    365.7 avail Mem 

    PID USER      PR  NI    VIRT    RES    SHR S  %CPU  %MEM     TIME+ COMMAND
      1 root      20   0  179196   4708   2744 S   0.0   1.0   0:02.22 systemd
      2 root      20   0       0      0      0 S   0.0   0.0   0:00.00 kthreadd
      3 root       0 -20       0      0      0 I   0.0   0.0   0:00.00 rcu_gp
      4 root       0 -20       0      0      0 I   0.0   0.0   0:00.00 rcu_par_gp
      6 root       0 -20       0      0      0 I   0.0   0.0   0:00.00 kworker/0:0H-kblockd
      8 root       0 -20       0      0      0 I   0.0   0.0   0:00.00 mm_percpu_wq
------------------------------------------------------------------------------
top - 10:46:55 up  1:56,  2 users,  load average: 0.25, 1.03, 1.02
Tasks: 104 total,   1 running, 103 sleeping,   0 stopped,   0 zombie
%Cpu(s):  0.0 us,  6.2 sy,  0.0 ni, 93.8 id,  0.0 wa,  0.0 hi,  0.0 si,  0.0 st
MiB Mem :    474.8 total,    292.4 free,     95.6 used,     86.9 buff/cache
MiB Swap:    820.0 total,    740.7 free,     79.3 used.    365.7 avail Mem 

    PID USER      PR  NI    VIRT    RES    SHR S  %CPU  %MEM     TIME+ COMMAND
      1 root      20   0  179196   4708   2744 S   0.0   1.0   0:02.22 systemd
      2 root      20   0       0      0      0 S   0.0   0.0   0:00.00 kthreadd
      3 root       0 -20       0      0      0 I   0.0   0.0   0:00.00 rcu_gp
      4 root       0 -20       0      0      0 I   0.0   0.0   0:00.00 rcu_par_gp
      6 root       0 -20       0      0      0 I   0.0   0.0   0:00.00 kworker/0:0H-kblockd
      8 root       0 -20       0      0      0 I   0.0   0.0   0:00.00 mm_percpu_wq
------------------------------------------------------------------------------
top - 10:46:59 up  1:56,  2 users,  load average: 0.23, 1.02, 1.02
Tasks: 104 total,   1 running, 103 sleeping,   0 stopped,   0 zombie
%Cpu(s):  0.0 us,  0.0 sy,  0.0 ni,100.0 id,  0.0 wa,  0.0 hi,  0.0 si,  0.0 st
MiB Mem :    474.8 total,    292.4 free,     95.6 used,     86.9 buff/cache
MiB Swap:    820.0 total,    740.7 free,     79.3 used.    365.7 avail Mem 

    PID USER      PR  NI    VIRT    RES    SHR S  %CPU  %MEM     TIME+ COMMAND
      1 root      20   0  179196   4708   2744 S   0.0   1.0   0:02.22 systemd
      2 root      20   0       0      0      0 S   0.0   0.0   0:00.00 kthreadd
      3 root       0 -20       0      0      0 I   0.0   0.0   0:00.00 rcu_gp
      4 root       0 -20       0      0      0 I   0.0   0.0   0:00.00 rcu_par_gp
      6 root       0 -20       0      0      0 I   0.0   0.0   0:00.00 kworker/0:0H-kblockd
      8 root       0 -20       0      0      0 I   0.0   0.0   0:00.00 mm_percpu_wq
top - 10:47:01 up  1:56,  2 users,  load average: 0.21, 1.00, 1.01
Tasks: 107 total,   1 running, 106 sleeping,   0 stopped,   0 zombie
%Cpu(s):  0.0 us,  6.2 sy,  0.0 ni, 93.8 id,  0.0 wa,  0.0 hi,  0.0 si,  0.0 st
MiB Mem :    474.8 total,    289.7 free,     98.2 used,     86.9 buff/cache
MiB Swap:    820.0 total,    740.7 free,     79.3 used.    363.0 avail Mem 

    PID USER      PR  NI    VIRT    RES    SHR S  %CPU  %MEM     TIME+ COMMAND
      1 root      20   0  179196   4708   2744 S   0.0   1.0   0:02.22 systemd
      2 root      20   0       0      0      0 S   0.0   0.0   0:00.00 kthreadd
      3 root       0 -20       0      0      0 I   0.0   0.0   0:00.00 rcu_gp
      4 root       0 -20       0      0      0 I   0.0   0.0   0:00.00 rcu_par+
      6 root       0 -20       0      0      0 I   0.0   0.0   0:00.00 kworker+
      8 root       0 -20       0      0      0 I   0.0   0.0   0:00.00 mm_perc+
------------------------------------------------------------------------------
top - 10:47:03 up  1:56,  2 users,  load average: 0.21, 1.00, 1.01
Tasks: 107 total,   1 running, 106 sleeping,   0 stopped,   0 zombie
%Cpu(s):  0.0 us,  0.0 sy,  0.0 ni,100.0 id,  0.0 wa,  0.0 hi,  0.0 si,  0.0 st
MiB Mem :    474.8 total,    289.7 free,     98.2 used,     86.9 buff/cache
MiB Swap:    820.0 total,    740.7 free,     79.3 used.    363.0 avail Mem 

    PID USER      PR  NI    VIRT    RES    SHR S  %CPU  %MEM     TIME+ COMMAND
      1 root      20   0  179196   4708   2744 S   0.0   1.0   0:02.22 systemd
      2 root      20   0       0      0      0 S   0.0   0.0   0:00.00 kthreadd
      3 root       0 -20       0      0      0 I   0.0   0.0   0:00.00 rcu_gp
      4 root       0 -20       0      0      0 I   0.0   0.0   0:00.00 rcu_par_gp
      6 root       0 -20       0      0      0 I   0.0   0.0   0:00.00 kworker/0:0H-kblockd
      8 root       0 -20       0      0      0 I   0.0   0.0   0:00.00 mm_percpu_wq
------------------------------------------------------------------------------
------------------------------------------------------------------------------
top - 10:47:07 up  1:56,  2 users,  load average: 0.19, 0.98, 1.00
Tasks: 104 total,   1 running, 103 sleeping,   0 stopped,   0 zombie
%Cpu(s):  0.0 us,  0.0 sy,  0.0 ni,100.0 id,  0.0 wa,  0.0 hi,  0.0 si,  0.0 st
MiB Mem :    474.8 total,    292.3 free,     95.6 used,     86.9 buff/cache
MiB Swap:    820.0 total,    740.7 free,     79.3 used.    365.6 avail Mem 

    PID USER      PR  NI    VIRT    RES    SHR S  %CPU  %MEM     TIME+ COMMAND
      1 root      20   0  179196   4708   2744 S   0.0   1.0   0:02.22 systemd
      2 root      20   0       0      0      0 S   0.0   0.0   0:00.00 kthreadd
      3 root       0 -20       0      0      0 I   0.0   0.0   0:00.00 rcu_gp
      4 root       0 -20       0      0      0 I   0.0   0.0   0:00.00 rcu_par_gp
      6 root       0 -20       0      0      0 I   0.0   0.0   0:00.00 kworker/0:0H-kblockd
      8 root       0 -20       0      0      0 I   0.0   0.0   0:00.00 mm_percpu_wq
------------------------------------------------------------------------------
top - 10:47:12 up  1:56,  2 users,  load average: 0.18, 0.97, 1.00
Tasks: 104 total,   2 running, 102 sleeping,   0 stopped,   0 zombie
%Cpu(s):  0.0 us,  0.0 sy,  0.0 ni,100.0 id,  0.0 wa,  0.0 hi,  0.0 si,  0.0 st
MiB Mem :    474.8 total,    292.3 free,     95.6 used,     86.9 buff/cache
MiB Swap:    820.0 total,    740.7 free,     79.3 used.    365.6 avail Mem 

    PID USER      PR  NI    VIRT    RES    SHR S  %CPU  %MEM     TIME+ COMMAND
      1 root      20   0  179196   4708   2744 S   0.0   1.0   0:02.22 systemd
      2 root      20   0       0      0      0 S   0.0   0.0   0:00.00 kthreadd
      3 root       0 -20       0      0      0 I   0.0   0.0   0:00.00 rcu_gp
      4 root       0 -20       0      0      0 I   0.0   0.0   0:00.00 rcu_par_gp
      6 root       0 -20       0      0      0 I   0.0   0.0   0:00.00 kworker/0:0H-kblockd
      8 root       0 -20       0      0      0 I   0.0   0.0   0:00.00 mm_percpu_wq
------------------------------------------------------------------------------
top - 10:47:16 up  1:56,  2 users,  load average: 0.16, 0.95, 0.99
Tasks: 104 total,   1 running, 103 sleeping,   0 stopped,   0 zombie
%Cpu(s):  0.0 us,  0.0 sy,  0.0 ni,100.0 id,  0.0 wa,  0.0 hi,  0.0 si,  0.0 st
MiB Mem :    474.8 total,    292.3 free,     95.6 used,     86.9 buff/cache
MiB Swap:    820.0 total,    740.7 free,     79.3 used.    365.6 avail Mem 

    PID USER      PR  NI    VIRT    RES    SHR S  %CPU  %MEM     TIME+ COMMAND
      1 root      20   0  179196   4708   2744 S   0.0   1.0   0:02.22 systemd
      2 root      20   0       0      0      0 S   0.0   0.0   0:00.00 kthreadd
      3 root       0 -20       0      0      0 I   0.0   0.0   0:00.00 rcu_gp
      4 root       0 -20       0      0      0 I   0.0   0.0   0:00.00 rcu_par_gp
      6 root       0 -20       0      0      0 I   0.0   0.0   0:00.00 kworker/0:0H-kblockd
      8 root       0 -20       0      0      0 I   0.0   0.0   0:00.00 mm_percpu_wq
------------------------------------------------------------------------------
top - 10:47:20 up  1:56,  2 users,  load average: 0.16, 0.95, 0.99
Tasks: 104 total,   1 running, 103 sleeping,   0 stopped,   0 zombie
%Cpu(s):  0.0 us,  0.0 sy,  0.0 ni,100.0 id,  0.0 wa,  0.0 hi,  0.0 si,  0.0 st
MiB Mem :    474.8 total,    292.3 free,     95.6 used,     86.9 buff/cache
MiB Swap:    820.0 total,    740.7 free,     79.3 used.    365.6 avail Mem 

    PID USER      PR  NI    VIRT    RES    SHR S  %CPU  %MEM     TIME+ COMMAND
      1 root      20   0  179196   4708   2744 S   0.0   1.0   0:02.22 systemd
      2 root      20   0       0      0      0 S   0.0   0.0   0:00.00 kthreadd
      3 root       0 -20       0      0      0 I   0.0   0.0   0:00.00 rcu_gp
      4 root       0 -20       0      0      0 I   0.0   0.0   0:00.00 rcu_par_gp
      6 root       0 -20       0      0      0 I   0.0   0.0   0:00.00 kworker/0:0H-kblockd
      8 root       0 -20       0      0      0 I   0.0   0.0   0:00.00 mm_percpu_wq
------------------------------------------------------------------------------
top - 10:47:24 up  1:56,  2 users,  load average: 0.15, 0.93, 0.99
Tasks: 104 total,   1 running, 103 sleeping,   0 stopped,   0 zombie
%Cpu(s):  0.0 us,  0.0 sy,  0.0 ni,100.0 id,  0.0 wa,  0.0 hi,  0.0 si,  0.0 st
MiB Mem :    474.8 total,    292.3 free,     95.6 used,     86.9 buff/cache
MiB Swap:    820.0 total,    740.7 free,     79.3 used.    365.6 avail Mem 

    PID USER      PR  NI    VIRT    RES    SHR S  %CPU  %MEM     TIME+ COMMAND
      1 root      20   0  179196   4708   2744 S   0.0   1.0   0:02.22 systemd
      2 root      20   0       0      0      0 S   0.0   0.0   0:00.00 kthreadd
      3 root       0 -20       0      0      0 I   0.0   0.0   0:00.00 rcu_gp
      4 root       0 -20       0      0      0 I   0.0   0.0   0:00.00 rcu_par_gp
      6 root       0 -20       0      0      0 I   0.0   0.0   0:00.00 kworker/0:0H-kblockd
      8 root       0 -20       0      0      0 I   0.0   0.0   0:00.00 mm_percpu_wq
------------------------------------------------------------------------------
top - 10:47:28 up  1:56,  2 users,  load average: 0.14, 0.92, 0.98
Tasks: 104 total,   1 running, 103 sleeping,   0 stopped,   0 zombie
%Cpu(s):  0.0 us,  0.0 sy,  0.0 ni,100.0 id,  0.0 wa,  0.0 hi,  0.0 si,  0.0 st
MiB Mem :    474.8 total,    292.3 free,     95.6 used,     86.9 buff/cache
MiB Swap:    820.0 total,    740.7 free,     79.3 used.    365.6 avail Mem 

    PID USER      PR  NI    VIRT    RES    SHR S  %CPU  %MEM     TIME+ COMMAND
      1 root      20   0  179196   4708   2744 S   0.0   1.0   0:02.22 systemd
      2 root      20   0       0      0      0 S   0.0   0.0   0:00.00 kthreadd
      3 root       0 -20       0      0      0 I   0.0   0.0   0:00.00 rcu_gp
      4 root       0 -20       0      0      0 I   0.0   0.0   0:00.00 rcu_par_gp
      6 root       0 -20       0      0      0 I   0.0   0.0   0:00.00 kworker/0:0H-kblockd
      8 root       0 -20       0      0      0 I   0.0   0.0   0:00.00 mm_percpu_wq
------------------------------------------------------------------------------
top - 10:48:01 up  1:57,  2 users,  load average: 0.08, 0.82, 0.95
Tasks: 103 total,   4 running,  99 sleeping,   0 stopped,   0 zombie
%Cpu(s):  0.0 us,  6.2 sy,  0.0 ni, 93.8 id,  0.0 wa,  0.0 hi,  0.0 si,  0.0 st
MiB Mem :    474.8 total,    275.9 free,     99.6 used,     99.3 buff/cache
MiB Swap:    820.0 total,    741.7 free,     78.3 used.    361.6 avail Mem 

    PID USER      PR  NI    VIRT    RES    SHR S  %CPU  %MEM     TIME+ COMMAND
      1 root      20   0  179196   4708   2744 S   0.0   1.0   0:02.22 systemd
      2 root      20   0       0      0      0 S   0.0   0.0   0:00.00 kthreadd
      3 root       0 -20       0      0      0 I   0.0   0.0   0:00.00 rcu_gp
      4 root       0 -20       0      0      0 I   0.0   0.0   0:00.00 rcu_par+
      6 root       0 -20       0      0      0 I   0.0   0.0   0:00.00 kworker+
      8 root       0 -20       0      0      0 I   0.0   0.0   0:00.00 mm_perc+
------------------------------------------------------------------------------
